
##      Unix timestamp        -    MySQL timestamp      -  MySQL Version
Wed Mar 30 07:54:08 UTC 2022  -  PostgreSQL 11.6 

Wed Mar 30 07:54:09 UTC 2022  -  PostgreSQL 11.6 

Wed Mar 30 07:54:10 UTC 2022  -  PostgreSQL 11.6 

Wed Mar 30 07:54:11 UTC 2022  -  PostgreSQL 11.6 

Wed Mar 30 07:54:12 UTC 2022  -  PostgreSQL 11.6 

Wed Mar 30 07:54:13 UTC 2022  -  PostgreSQL 11.6 

Wed Mar 30 07:54:14 UTC 2022  -  PostgreSQL 11.6 

Wed Mar 30 07:54:15 UTC 2022  -  PostgreSQL 11.6 

Wed Mar 30 07:54:16 UTC 2022  -  PostgreSQL 11.6 

Wed Mar 30 07:54:17 UTC 2022  -  PostgreSQL 11.6 

Wed Mar 30 07:54:18 UTC 2022  -  PostgreSQL 11.6 

Wed Mar 30 07:54:19 UTC 2022  -  PostgreSQL 11.6 

Wed Mar 30 07:54:20 UTC 2022  -  PostgreSQL 11.6 

Wed Mar 30 07:54:21 UTC 2022  -  PostgreSQL 11.6 

Wed Mar 30 07:54:22 UTC 2022  -  PostgreSQL 11.6 

Wed Mar 30 07:54:23 UTC 2022  -  PostgreSQL 11.6 

Wed Mar 30 07:54:24 UTC 2022  -  PostgreSQL 11.6 

Wed Mar 30 07:54:25 UTC 2022  -  PostgreSQL 11.6 

Wed Mar 30 07:54:26 UTC 2022  -  PostgreSQL 11.6 

Wed Mar 30 07:54:28 UTC 2022  -  PostgreSQL 11.6 

Wed Mar 30 07:54:29 UTC 2022  -  PostgreSQL 11.6 

Wed Mar 30 07:54:30 UTC 2022  -  PostgreSQL 11.6 

Wed Mar 30 07:54:31 UTC 2022  -  PostgreSQL 11.6 

Wed Mar 30 07:54:32 UTC 2022  -  PostgreSQL 11.6 

Wed Mar 30 07:54:33 UTC 2022  -  PostgreSQL 11.6 

Wed Mar 30 07:54:34 UTC 2022  -  PostgreSQL 11.6 

Wed Mar 30 07:54:35 UTC 2022  -  PostgreSQL 11.6 

Wed Mar 30 07:54:36 UTC 2022  -  PostgreSQL 11.6 

Wed Mar 30 07:54:37 UTC 2022  -  PostgreSQL 11.6 

Wed Mar 30 07:54:38 UTC 2022  -  PostgreSQL 11.6 

Wed Mar 30 07:54:39 UTC 2022  -  PostgreSQL 11.6 

Wed Mar 30 07:54:40 UTC 2022  -  PostgreSQL 11.6 

Wed Mar 30 07:54:41 UTC 2022  -  PostgreSQL 11.6 

Wed Mar 30 07:54:42 UTC 2022  -  PostgreSQL 11.6 

Wed Mar 30 07:54:43 UTC 2022  -  PostgreSQL 11.6 

Wed Mar 30 07:54:44 UTC 2022  -  PostgreSQL 11.6 

Wed Mar 30 07:54:45 UTC 2022  -  PostgreSQL 11.6 

Wed Mar 30 07:54:46 UTC 2022  -  PostgreSQL 11.6 

Wed Mar 30 07:54:47 UTC 2022  -  PostgreSQL 11.6 

Wed Mar 30 07:54:48 UTC 2022  -  PostgreSQL 11.6 

Wed Mar 30 07:54:49 UTC 2022  -  PostgreSQL 11.6 

Wed Mar 30 07:54:50 UTC 2022  -  PostgreSQL 11.6 

Wed Mar 30 07:54:51 UTC 2022  -  PostgreSQL 11.6 

Wed Mar 30 07:54:52 UTC 2022  -  PostgreSQL 11.6 

Wed Mar 30 07:54:53 UTC 2022  -  PostgreSQL 11.6 

Wed Mar 30 07:54:54 UTC 2022  -  PostgreSQL 11.6 

Wed Mar 30 07:54:55 UTC 2022  -  PostgreSQL 11.6 

Wed Mar 30 07:54:56 UTC 2022  -  PostgreSQL 11.6 

Wed Mar 30 07:54:57 UTC 2022  -  PostgreSQL 11.6 

Wed Mar 30 07:54:58 UTC 2022  -  PostgreSQL 11.6 

Wed Mar 30 07:54:59 UTC 2022  -  PostgreSQL 11.6 

Wed Mar 30 07:55:00 UTC 2022  -  PostgreSQL 11.6 

Wed Mar 30 07:55:01 UTC 2022  -  PostgreSQL 11.6 

Wed Mar 30 07:55:02 UTC 2022  -  PostgreSQL 11.6 

Wed Mar 30 07:55:03 UTC 2022  -  PostgreSQL 11.6 

Wed Mar 30 07:55:04 UTC 2022  -  PostgreSQL 11.6 

Wed Mar 30 07:55:05 UTC 2022  -  PostgreSQL 11.6 

Wed Mar 30 07:55:06 UTC 2022  -  PostgreSQL 11.6 

Wed Mar 30 07:55:07 UTC 2022  -  PostgreSQL 11.6 

Wed Mar 30 07:55:08 UTC 2022  -  PostgreSQL 11.6 

Wed Mar 30 07:55:09 UTC 2022  -  PostgreSQL 11.6 

Wed Mar 30 07:55:10 UTC 2022  -  PostgreSQL 11.6 

Wed Mar 30 07:55:11 UTC 2022  -  PostgreSQL 11.6 

Wed Mar 30 07:55:12 UTC 2022  -  PostgreSQL 11.6 

Wed Mar 30 07:55:13 UTC 2022  -  PostgreSQL 11.6 

Wed Mar 30 07:55:14 UTC 2022  -  PostgreSQL 11.6 

Wed Mar 30 07:55:15 UTC 2022  -  PostgreSQL 11.6 

Wed Mar 30 07:55:16 UTC 2022  -  PostgreSQL 11.6 

Wed Mar 30 07:55:17 UTC 2022  -  PostgreSQL 11.6 

Wed Mar 30 07:55:18 UTC 2022  -  PostgreSQL 11.6 

Wed Mar 30 07:55:19 UTC 2022  -  PostgreSQL 11.6 

Wed Mar 30 07:55:20 UTC 2022  -  PostgreSQL 11.6 

Wed Mar 30 07:55:21 UTC 2022  -  PostgreSQL 11.6 

Wed Mar 30 07:55:22 UTC 2022  -  PostgreSQL 11.6 

Wed Mar 30 07:55:23 UTC 2022  -  PostgreSQL 11.6 

Wed Mar 30 07:55:24 UTC 2022  -  PostgreSQL 11.6 

Wed Mar 30 07:55:25 UTC 2022  -  PostgreSQL 11.6 

Wed Mar 30 07:55:26 UTC 2022  -  PostgreSQL 11.6 

Wed Mar 30 07:55:27 UTC 2022  -  PostgreSQL 11.6 

Wed Mar 30 07:55:28 UTC 2022  -  PostgreSQL 11.6 

Wed Mar 30 07:55:29 UTC 2022  -  PostgreSQL 11.6 

Wed Mar 30 07:55:30 UTC 2022  -  PostgreSQL 11.6 

Wed Mar 30 07:55:32 UTC 2022  -  PostgreSQL 11.6 

Wed Mar 30 07:55:33 UTC 2022  -  PostgreSQL 11.6 

Wed Mar 30 07:55:34 UTC 2022  -  PostgreSQL 11.6 

Wed Mar 30 07:55:35 UTC 2022  -  PostgreSQL 11.6 

Wed Mar 30 07:55:36 UTC 2022  -  PostgreSQL 11.6 

Wed Mar 30 07:55:37 UTC 2022  -  PostgreSQL 11.6 

Wed Mar 30 07:55:38 UTC 2022  -  PostgreSQL 11.6 

Wed Mar 30 07:55:39 UTC 2022  -  PostgreSQL 11.6 

Wed Mar 30 07:55:40 UTC 2022  -  PostgreSQL 11.6 

Wed Mar 30 07:55:41 UTC 2022  -  PostgreSQL 11.6 

Wed Mar 30 07:55:42 UTC 2022  -  PostgreSQL 11.6 

Wed Mar 30 07:55:43 UTC 2022  -  PostgreSQL 11.6 

Wed Mar 30 07:55:44 UTC 2022  -  PostgreSQL 11.6 

Wed Mar 30 07:55:45 UTC 2022  -  PostgreSQL 11.6 

Wed Mar 30 07:55:46 UTC 2022  -  PostgreSQL 11.6 

Wed Mar 30 07:55:47 UTC 2022  -  PostgreSQL 11.6 

Wed Mar 30 07:55:48 UTC 2022  -  PostgreSQL 11.6 

Wed Mar 30 07:55:49 UTC 2022  -  PostgreSQL 11.6 

Wed Mar 30 07:55:50 UTC 2022  -  PostgreSQL 11.6 

Wed Mar 30 07:55:51 UTC 2022  -  PostgreSQL 11.6 

Wed Mar 30 07:55:52 UTC 2022  -  PostgreSQL 11.6 

Wed Mar 30 07:55:53 UTC 2022  -  PostgreSQL 11.6 

Wed Mar 30 07:55:54 UTC 2022  -  PostgreSQL 11.6 

Wed Mar 30 07:55:55 UTC 2022  -  PostgreSQL 11.6 

Wed Mar 30 07:55:56 UTC 2022  -  PostgreSQL 11.6 

Wed Mar 30 07:55:57 UTC 2022  -  PostgreSQL 11.6 

Wed Mar 30 07:55:58 UTC 2022  -  PostgreSQL 11.6 

Wed Mar 30 07:55:59 UTC 2022  -  PostgreSQL 11.6 

Wed Mar 30 07:56:00 UTC 2022  -  PostgreSQL 11.6 

Wed Mar 30 07:56:01 UTC 2022  -  PostgreSQL 11.6 

Wed Mar 30 07:56:02 UTC 2022  -  PostgreSQL 11.6 

Wed Mar 30 07:56:03 UTC 2022  -  PostgreSQL 11.6 

Wed Mar 30 07:56:04 UTC 2022  -  PostgreSQL 11.6 

Wed Mar 30 07:56:05 UTC 2022  -  PostgreSQL 11.6 

Wed Mar 30 07:56:06 UTC 2022  -  PostgreSQL 11.6 

Wed Mar 30 07:56:07 UTC 2022  -  PostgreSQL 11.6 

Wed Mar 30 07:56:08 UTC 2022  -  PostgreSQL 11.6 

Wed Mar 30 07:56:09 UTC 2022  -  PostgreSQL 11.6 

Wed Mar 30 07:56:10 UTC 2022  -  PostgreSQL 11.6 

Wed Mar 30 07:56:11 UTC 2022  -  PostgreSQL 11.6 

Wed Mar 30 07:56:12 UTC 2022  -  PostgreSQL 11.6 

Wed Mar 30 07:56:13 UTC 2022  -  PostgreSQL 11.6 

Wed Mar 30 07:56:14 UTC 2022  -  PostgreSQL 11.6 

Wed Mar 30 07:56:15 UTC 2022  -  PostgreSQL 11.6 

Wed Mar 30 07:56:16 UTC 2022  -  PostgreSQL 11.6 

Wed Mar 30 07:56:17 UTC 2022  -  PostgreSQL 11.6 

Wed Mar 30 07:56:18 UTC 2022  -  PostgreSQL 11.6 

Wed Mar 30 07:56:19 UTC 2022  -  PostgreSQL 11.6 

Wed Mar 30 07:56:20 UTC 2022  -  PostgreSQL 11.6 

Wed Mar 30 07:56:21 UTC 2022  -  PostgreSQL 11.6 

Wed Mar 30 07:56:22 UTC 2022  -  PostgreSQL 11.6 

Wed Mar 30 07:56:23 UTC 2022  -  PostgreSQL 11.6 

Wed Mar 30 07:56:24 UTC 2022  -  PostgreSQL 11.6 

Wed Mar 30 07:56:25 UTC 2022  -  PostgreSQL 11.6 

Wed Mar 30 07:56:26 UTC 2022  -  PostgreSQL 11.6 

Wed Mar 30 07:56:27 UTC 2022  -  PostgreSQL 11.6 

Wed Mar 30 07:56:28 UTC 2022  -  PostgreSQL 11.6 

Wed Mar 30 07:56:29 UTC 2022  -  PostgreSQL 11.6 

Wed Mar 30 07:56:30 UTC 2022  -  PostgreSQL 11.6 

Wed Mar 30 07:56:31 UTC 2022  -  PostgreSQL 11.6 

Wed Mar 30 07:56:32 UTC 2022  -  PostgreSQL 11.6 

Wed Mar 30 07:56:33 UTC 2022  -  PostgreSQL 11.6 

Wed Mar 30 07:56:35 UTC 2022  -  PostgreSQL 11.6 

Wed Mar 30 07:56:36 UTC 2022  -  PostgreSQL 11.6 

Wed Mar 30 07:56:37 UTC 2022  -  PostgreSQL 11.6 

Wed Mar 30 07:56:38 UTC 2022  -  PostgreSQL 11.6 

Wed Mar 30 07:56:39 UTC 2022  -  PostgreSQL 11.6 

Wed Mar 30 07:56:40 UTC 2022  -  PostgreSQL 11.6 

Wed Mar 30 07:56:41 UTC 2022  -  PostgreSQL 11.6 

Wed Mar 30 07:56:42 UTC 2022  -  PostgreSQL 11.6 

Wed Mar 30 07:56:43 UTC 2022  -  PostgreSQL 11.6 

Wed Mar 30 07:56:44 UTC 2022  -  PostgreSQL 11.6 

Wed Mar 30 07:56:45 UTC 2022  -  PostgreSQL 11.6 

Wed Mar 30 07:56:46 UTC 2022  -  PostgreSQL 11.6 

Wed Mar 30 07:56:47 UTC 2022  -  PostgreSQL 11.6 

Wed Mar 30 07:56:48 UTC 2022  -  PostgreSQL 11.6 

Wed Mar 30 07:56:49 UTC 2022  -  PostgreSQL 11.6 

Wed Mar 30 07:56:50 UTC 2022  -  PostgreSQL 11.6 

Wed Mar 30 07:56:51 UTC 2022  -  PostgreSQL 11.6 

Wed Mar 30 07:56:52 UTC 2022  -  PostgreSQL 11.6 

Wed Mar 30 07:56:53 UTC 2022  -  PostgreSQL 11.6 

Wed Mar 30 07:56:54 UTC 2022  -  PostgreSQL 11.6 

Wed Mar 30 07:56:55 UTC 2022  -  PostgreSQL 11.6 

Wed Mar 30 07:56:56 UTC 2022  -  PostgreSQL 11.6 

Wed Mar 30 07:56:57 UTC 2022  -  PostgreSQL 11.6 

Wed Mar 30 07:56:58 UTC 2022  -  PostgreSQL 11.6 

Wed Mar 30 07:56:59 UTC 2022  -  PostgreSQL 11.6 

Wed Mar 30 07:57:00 UTC 2022  -  PostgreSQL 11.6 

Wed Mar 30 07:57:01 UTC 2022  -  PostgreSQL 11.6 

Wed Mar 30 07:57:02 UTC 2022  -  PostgreSQL 11.6 

Wed Mar 30 07:57:03 UTC 2022  -  PostgreSQL 11.6 

Wed Mar 30 07:57:04 UTC 2022  -  PostgreSQL 11.6 

Wed Mar 30 07:57:05 UTC 2022  -  PostgreSQL 11.6 

Wed Mar 30 07:57:06 UTC 2022  -  PostgreSQL 11.6 

Wed Mar 30 07:57:07 UTC 2022  -  PostgreSQL 11.6 

Wed Mar 30 07:57:08 UTC 2022  -  PostgreSQL 11.6 

Wed Mar 30 07:57:09 UTC 2022  -  PostgreSQL 11.6 

Wed Mar 30 07:57:10 UTC 2022  -  PostgreSQL 11.6 

Wed Mar 30 07:57:11 UTC 2022  -  PostgreSQL 11.6 

Wed Mar 30 07:57:12 UTC 2022  -  PostgreSQL 11.6 

Wed Mar 30 07:57:13 UTC 2022  -  PostgreSQL 11.6 

Wed Mar 30 07:57:14 UTC 2022  -  PostgreSQL 11.6 

Wed Mar 30 07:57:15 UTC 2022  -  PostgreSQL 11.6 

Wed Mar 30 07:57:16 UTC 2022  -  PostgreSQL 11.6 

Wed Mar 30 07:57:17 UTC 2022  -  PostgreSQL 11.6 

Wed Mar 30 07:57:18 UTC 2022  -  PostgreSQL 11.6 

Wed Mar 30 07:57:19 UTC 2022  -  PostgreSQL 11.6 

Wed Mar 30 07:57:20 UTC 2022  -  PostgreSQL 11.6 

Wed Mar 30 07:57:21 UTC 2022  -  PostgreSQL 11.6 

Wed Mar 30 07:57:22 UTC 2022  -  PostgreSQL 11.6 

Wed Mar 30 07:57:23 UTC 2022  -  PostgreSQL 11.6 

Wed Mar 30 07:57:24 UTC 2022  -  PostgreSQL 11.6 

Wed Mar 30 07:57:25 UTC 2022  -  PostgreSQL 11.6 

Wed Mar 30 07:57:26 UTC 2022  -  PostgreSQL 11.6 

Wed Mar 30 07:57:27 UTC 2022  -  PostgreSQL 11.6 

Wed Mar 30 07:57:28 UTC 2022  -  PostgreSQL 11.6 

Wed Mar 30 07:57:29 UTC 2022  -  PostgreSQL 11.6 

Wed Mar 30 07:57:30 UTC 2022  -  PostgreSQL 11.6 

Wed Mar 30 07:57:31 UTC 2022  -  PostgreSQL 11.6 

Wed Mar 30 07:57:32 UTC 2022  -  PostgreSQL 11.6 

Wed Mar 30 07:57:33 UTC 2022  -  PostgreSQL 11.6 

Wed Mar 30 07:57:34 UTC 2022  -  PostgreSQL 11.6 

Wed Mar 30 07:57:35 UTC 2022  -  PostgreSQL 11.6 

Wed Mar 30 07:57:36 UTC 2022  -  PostgreSQL 11.6 

Wed Mar 30 07:57:38 UTC 2022  -  PostgreSQL 11.6 

Wed Mar 30 07:57:39 UTC 2022  -  PostgreSQL 11.6 

Wed Mar 30 07:57:40 UTC 2022  -  PostgreSQL 11.6 

Wed Mar 30 07:57:41 UTC 2022  -  PostgreSQL 11.6 

Wed Mar 30 07:57:42 UTC 2022  -  PostgreSQL 11.6 

Wed Mar 30 07:57:43 UTC 2022  -  PostgreSQL 11.6 

Wed Mar 30 07:57:44 UTC 2022  -  PostgreSQL 11.6 

Wed Mar 30 07:57:45 UTC 2022  -  PostgreSQL 11.6 

Wed Mar 30 07:57:46 UTC 2022  -  PostgreSQL 11.6 

Wed Mar 30 07:57:47 UTC 2022  -  PostgreSQL 11.6 

Wed Mar 30 07:57:48 UTC 2022  -  PostgreSQL 11.6 

Wed Mar 30 07:57:49 UTC 2022  -  PostgreSQL 11.6 

Wed Mar 30 07:57:50 UTC 2022  -  PostgreSQL 11.6 

Wed Mar 30 07:57:51 UTC 2022  -  PostgreSQL 11.6 

Wed Mar 30 07:57:52 UTC 2022  -  PostgreSQL 11.6 

Wed Mar 30 07:57:53 UTC 2022  -  PostgreSQL 11.6 

Wed Mar 30 07:57:54 UTC 2022  -  PostgreSQL 11.6 

Wed Mar 30 07:57:55 UTC 2022  -  PostgreSQL 11.6 

Wed Mar 30 07:57:56 UTC 2022  -  PostgreSQL 11.6 

Wed Mar 30 07:57:57 UTC 2022  -  PostgreSQL 11.6 

Wed Mar 30 07:57:58 UTC 2022  -  PostgreSQL 11.6 

Wed Mar 30 07:57:59 UTC 2022  -  PostgreSQL 11.6 

Wed Mar 30 07:58:00 UTC 2022  -  PostgreSQL 11.6 

Wed Mar 30 07:58:01 UTC 2022  -  PostgreSQL 11.6 

Wed Mar 30 07:58:02 UTC 2022  -  PostgreSQL 11.6 

Wed Mar 30 07:58:03 UTC 2022  -  PostgreSQL 11.6 

Wed Mar 30 07:58:04 UTC 2022  -  PostgreSQL 11.6 

Wed Mar 30 07:58:05 UTC 2022  -  PostgreSQL 11.6 

Wed Mar 30 07:58:06 UTC 2022  -  PostgreSQL 11.6 

Wed Mar 30 07:58:07 UTC 2022  - Wed Mar 30 07:58:08 UTC 2022  - Wed Mar 30 07:58:09 UTC 2022  - Wed Mar 30 07:58:10 UTC 2022  - Wed Mar 30 07:58:11 UTC 2022  - Wed Mar 30 07:58:12 UTC 2022  - Wed Mar 30 07:58:13 UTC 2022  - Wed Mar 30 07:58:14 UTC 2022  - Wed Mar 30 07:58:15 UTC 2022  - Wed Mar 30 07:58:16 UTC 2022  - Wed Mar 30 07:58:17 UTC 2022  - Wed Mar 30 07:58:18 UTC 2022  - Wed Mar 30 07:58:19 UTC 2022  - Wed Mar 30 07:58:20 UTC 2022  - Wed Mar 30 07:58:21 UTC 2022  - Wed Mar 30 07:58:22 UTC 2022  - Wed Mar 30 07:58:23 UTC 2022  - Wed Mar 30 07:58:24 UTC 2022  - Wed Mar 30 07:58:25 UTC 2022  -  PostgreSQL 11.15

Wed Mar 30 07:58:26 UTC 2022  -  PostgreSQL 11.15

Wed Mar 30 07:58:27 UTC 2022  -  PostgreSQL 11.15

Wed Mar 30 07:58:28 UTC 2022  -  PostgreSQL 11.15

Wed Mar 30 07:58:29 UTC 2022  -  PostgreSQL 11.15

Wed Mar 30 07:58:30 UTC 2022  -  PostgreSQL 11.15

Wed Mar 30 07:58:31 UTC 2022  -  PostgreSQL 11.15

Wed Mar 30 07:58:32 UTC 2022  -  PostgreSQL 11.15

Wed Mar 30 07:58:33 UTC 2022  -  PostgreSQL 11.15

Wed Mar 30 07:58:34 UTC 2022  -  PostgreSQL 11.15

Wed Mar 30 07:58:35 UTC 2022  -  PostgreSQL 11.15

Wed Mar 30 07:58:36 UTC 2022  -  PostgreSQL 11.15

Wed Mar 30 07:58:37 UTC 2022  -  PostgreSQL 11.15

Wed Mar 30 07:58:38 UTC 2022  -  PostgreSQL 11.15

Wed Mar 30 07:58:39 UTC 2022  -  PostgreSQL 11.15

Wed Mar 30 07:58:40 UTC 2022  -  PostgreSQL 11.15

Wed Mar 30 07:58:41 UTC 2022  -  PostgreSQL 11.15

Wed Mar 30 07:58:42 UTC 2022  -  PostgreSQL 11.15

Wed Mar 30 07:58:43 UTC 2022  -  PostgreSQL 11.15

Wed Mar 30 07:58:44 UTC 2022  -  PostgreSQL 11.15

Wed Mar 30 07:58:45 UTC 2022  -  PostgreSQL 11.15

Wed Mar 30 07:58:46 UTC 2022  -  PostgreSQL 11.15

Wed Mar 30 07:58:47 UTC 2022  -  PostgreSQL 11.15

Wed Mar 30 07:58:48 UTC 2022  -  PostgreSQL 11.15

Wed Mar 30 07:58:49 UTC 2022  -  PostgreSQL 11.15

Wed Mar 30 07:58:50 UTC 2022  -  PostgreSQL 11.15

Wed Mar 30 07:58:51 UTC 2022  -  PostgreSQL 11.15

Wed Mar 30 07:58:53 UTC 2022  -  PostgreSQL 11.15

Wed Mar 30 07:58:54 UTC 2022  -  PostgreSQL 11.15

Wed Mar 30 07:58:55 UTC 2022  -  PostgreSQL 11.15

Wed Mar 30 07:58:56 UTC 2022  -  PostgreSQL 11.15

Wed Mar 30 07:58:57 UTC 2022  -  PostgreSQL 11.15

Wed Mar 30 07:58:58 UTC 2022  -  PostgreSQL 11.15

Wed Mar 30 07:58:59 UTC 2022  -  PostgreSQL 11.15

Wed Mar 30 07:59:00 UTC 2022  -  PostgreSQL 11.15

Wed Mar 30 07:59:01 UTC 2022  -  PostgreSQL 11.15

Wed Mar 30 07:59:02 UTC 2022  -  PostgreSQL 11.15

Wed Mar 30 07:59:03 UTC 2022  -  PostgreSQL 11.15

Wed Mar 30 07:59:04 UTC 2022  -  PostgreSQL 11.15

Wed Mar 30 07:59:05 UTC 2022  -  PostgreSQL 11.15

Wed Mar 30 07:59:06 UTC 2022  -  PostgreSQL 11.15

Wed Mar 30 07:59:07 UTC 2022  -  PostgreSQL 11.15

Wed Mar 30 07:59:08 UTC 2022  -  PostgreSQL 11.15

Wed Mar 30 07:59:09 UTC 2022  -  PostgreSQL 11.15

Wed Mar 30 07:59:10 UTC 2022  -  PostgreSQL 11.15

Wed Mar 30 07:59:11 UTC 2022  -  PostgreSQL 11.15

Wed Mar 30 07:59:12 UTC 2022  -  PostgreSQL 11.15

Wed Mar 30 07:59:13 UTC 2022  -  PostgreSQL 11.15

Wed Mar 30 07:59:14 UTC 2022  -  PostgreSQL 11.15

Wed Mar 30 07:59:15 UTC 2022  -  PostgreSQL 11.15

Wed Mar 30 07:59:16 UTC 2022  -  PostgreSQL 11.15

Wed Mar 30 07:59:17 UTC 2022  -  PostgreSQL 11.15

Wed Mar 30 07:59:18 UTC 2022  -  PostgreSQL 11.15

Wed Mar 30 07:59:19 UTC 2022  -  PostgreSQL 11.15

Wed Mar 30 07:59:20 UTC 2022  -  PostgreSQL 11.15

Wed Mar 30 07:59:21 UTC 2022  -  PostgreSQL 11.15

Wed Mar 30 07:59:22 UTC 2022  -  PostgreSQL 11.15

Wed Mar 30 07:59:23 UTC 2022  -  PostgreSQL 11.15

Wed Mar 30 07:59:24 UTC 2022  -  PostgreSQL 11.15

Wed Mar 30 07:59:25 UTC 2022  -  PostgreSQL 11.15

Wed Mar 30 07:59:26 UTC 2022  -  PostgreSQL 11.15

Wed Mar 30 07:59:27 UTC 2022  -  PostgreSQL 11.15

Wed Mar 30 07:59:28 UTC 2022  -  PostgreSQL 11.15

Wed Mar 30 07:59:29 UTC 2022  -  PostgreSQL 11.15

Wed Mar 30 07:59:30 UTC 2022  -  PostgreSQL 11.15

Wed Mar 30 07:59:31 UTC 2022  -  PostgreSQL 11.15

Wed Mar 30 07:59:32 UTC 2022  -  PostgreSQL 11.15

Wed Mar 30 07:59:33 UTC 2022  -  PostgreSQL 11.15

Wed Mar 30 07:59:34 UTC 2022  -  PostgreSQL 11.15

Wed Mar 30 07:59:35 UTC 2022  -  PostgreSQL 11.15

Wed Mar 30 07:59:36 UTC 2022  -  PostgreSQL 11.15

Wed Mar 30 07:59:37 UTC 2022  -  PostgreSQL 11.15

Wed Mar 30 07:59:38 UTC 2022  -  PostgreSQL 11.15

Wed Mar 30 07:59:39 UTC 2022  -  PostgreSQL 11.15

Wed Mar 30 07:59:40 UTC 2022  -  PostgreSQL 11.15

Wed Mar 30 07:59:41 UTC 2022  -  PostgreSQL 11.15

Wed Mar 30 07:59:42 UTC 2022  -  PostgreSQL 11.15

Wed Mar 30 07:59:43 UTC 2022  -  PostgreSQL 11.15

Wed Mar 30 07:59:44 UTC 2022  -  PostgreSQL 11.15

Wed Mar 30 07:59:45 UTC 2022  -  PostgreSQL 11.15

Wed Mar 30 07:59:46 UTC 2022  -  PostgreSQL 11.15

Wed Mar 30 07:59:47 UTC 2022  -  PostgreSQL 11.15

Wed Mar 30 07:59:48 UTC 2022  -  PostgreSQL 11.15

Wed Mar 30 07:59:49 UTC 2022  -  PostgreSQL 11.15

Wed Mar 30 07:59:50 UTC 2022  -  PostgreSQL 11.15

Wed Mar 30 07:59:51 UTC 2022  -  PostgreSQL 11.15

Wed Mar 30 07:59:52 UTC 2022  -  PostgreSQL 11.15

Wed Mar 30 07:59:53 UTC 2022  -  PostgreSQL 11.15

Wed Mar 30 07:59:54 UTC 2022  -  PostgreSQL 11.15

Wed Mar 30 07:59:55 UTC 2022  -  PostgreSQL 11.15

Wed Mar 30 07:59:56 UTC 2022  -  PostgreSQL 11.15

Wed Mar 30 07:59:57 UTC 2022  -  PostgreSQL 11.15

Wed Mar 30 07:59:58 UTC 2022  -  PostgreSQL 11.15

Wed Mar 30 07:59:59 UTC 2022  -  PostgreSQL 11.15

Wed Mar 30 08:00:00 UTC 2022  -  PostgreSQL 11.15

Wed Mar 30 08:00:02 UTC 2022  -  PostgreSQL 11.15

Wed Mar 30 08:00:03 UTC 2022  -  PostgreSQL 11.15

Wed Mar 30 08:00:04 UTC 2022  -  PostgreSQL 11.15

Wed Mar 30 08:00:05 UTC 2022  -  PostgreSQL 11.15

Wed Mar 30 08:00:06 UTC 2022  -  PostgreSQL 11.15

Wed Mar 30 08:00:07 UTC 2022  -  PostgreSQL 11.15

Wed Mar 30 08:00:08 UTC 2022  -  PostgreSQL 11.15

Wed Mar 30 08:00:09 UTC 2022  -  PostgreSQL 11.15

Wed Mar 30 08:00:10 UTC 2022  -  PostgreSQL 11.15

Wed Mar 30 08:00:11 UTC 2022  -  PostgreSQL 11.15

Wed Mar 30 08:00:12 UTC 2022  -  PostgreSQL 11.15

Wed Mar 30 08:00:13 UTC 2022  -  PostgreSQL 11.15

Wed Mar 30 08:00:14 UTC 2022  -  PostgreSQL 11.15

Wed Mar 30 08:00:15 UTC 2022  -  PostgreSQL 11.15

Wed Mar 30 08:00:16 UTC 2022  -  PostgreSQL 11.15

Wed Mar 30 08:00:17 UTC 2022  -  PostgreSQL 11.15

Wed Mar 30 08:00:18 UTC 2022  -  PostgreSQL 11.15

Wed Mar 30 08:00:19 UTC 2022  -  PostgreSQL 11.15

Wed Mar 30 08:00:20 UTC 2022  -  PostgreSQL 11.15

Wed Mar 30 08:00:21 UTC 2022  -  PostgreSQL 11.15

Wed Mar 30 08:00:22 UTC 2022  -  PostgreSQL 11.15

Wed Mar 30 08:00:23 UTC 2022  -  PostgreSQL 11.15

Wed Mar 30 08:00:24 UTC 2022  -  PostgreSQL 11.15

Wed Mar 30 08:00:25 UTC 2022  -  PostgreSQL 11.15

Wed Mar 30 08:00:26 UTC 2022  -  PostgreSQL 11.15

Wed Mar 30 08:00:27 UTC 2022  -  PostgreSQL 11.15

Wed Mar 30 08:00:28 UTC 2022  -  PostgreSQL 11.15

Wed Mar 30 08:00:29 UTC 2022  -  PostgreSQL 11.15

Wed Mar 30 08:00:30 UTC 2022  -  PostgreSQL 11.15

Wed Mar 30 08:00:31 UTC 2022  -  PostgreSQL 11.15

Wed Mar 30 08:00:32 UTC 2022  -  PostgreSQL 11.15

Wed Mar 30 08:00:33 UTC 2022  -  PostgreSQL 11.15

Wed Mar 30 08:00:34 UTC 2022  -  PostgreSQL 11.15

Wed Mar 30 08:00:35 UTC 2022  -  PostgreSQL 11.15

Wed Mar 30 08:00:36 UTC 2022  -  PostgreSQL 11.15

Wed Mar 30 08:00:37 UTC 2022  -  PostgreSQL 11.15

Wed Mar 30 08:00:38 UTC 2022  -  PostgreSQL 11.15

Wed Mar 30 08:00:39 UTC 2022  -  PostgreSQL 11.15

Wed Mar 30 08:00:40 UTC 2022  -  PostgreSQL 11.15

Wed Mar 30 08:00:41 UTC 2022  -  PostgreSQL 11.15

Wed Mar 30 08:00:42 UTC 2022  -  PostgreSQL 11.15

Wed Mar 30 08:00:43 UTC 2022  -  PostgreSQL 11.15

Wed Mar 30 08:00:44 UTC 2022  -  PostgreSQL 11.15

Wed Mar 30 08:00:45 UTC 2022  -  PostgreSQL 11.15

Wed Mar 30 08:00:46 UTC 2022  -  PostgreSQL 11.15

Wed Mar 30 08:00:47 UTC 2022  -  PostgreSQL 11.15

Wed Mar 30 08:00:48 UTC 2022  -  PostgreSQL 11.15

Wed Mar 30 08:00:49 UTC 2022  -  PostgreSQL 11.15

Wed Mar 30 08:00:50 UTC 2022  -  PostgreSQL 11.15

Wed Mar 30 08:00:51 UTC 2022  -  PostgreSQL 11.15

Wed Mar 30 08:00:52 UTC 2022  -  PostgreSQL 11.15

Wed Mar 30 08:00:53 UTC 2022  -  PostgreSQL 11.15

Wed Mar 30 08:00:54 UTC 2022  -  PostgreSQL 11.15

Wed Mar 30 08:00:55 UTC 2022  -  PostgreSQL 11.15

Wed Mar 30 08:00:56 UTC 2022  -  PostgreSQL 11.15

Wed Mar 30 08:00:57 UTC 2022  -  PostgreSQL 11.15

Wed Mar 30 08:00:58 UTC 2022  -  PostgreSQL 11.15

Wed Mar 30 08:00:59 UTC 2022  -  PostgreSQL 11.15

Wed Mar 30 08:01:00 UTC 2022  -  PostgreSQL 11.15

Wed Mar 30 08:01:01 UTC 2022  -  PostgreSQL 11.15

Wed Mar 30 08:01:02 UTC 2022  -  PostgreSQL 11.15

Wed Mar 30 08:01:03 UTC 2022  -  PostgreSQL 11.15

Wed Mar 30 08:01:05 UTC 2022  -  PostgreSQL 11.15

Wed Mar 30 08:01:06 UTC 2022  -  PostgreSQL 11.15

Wed Mar 30 08:01:07 UTC 2022  -  PostgreSQL 11.15

Wed Mar 30 08:01:08 UTC 2022  -  PostgreSQL 11.15

Wed Mar 30 08:01:09 UTC 2022  -  PostgreSQL 11.15

Wed Mar 30 08:01:10 UTC 2022  -  PostgreSQL 11.15

Wed Mar 30 08:01:11 UTC 2022  -  PostgreSQL 11.15

Wed Mar 30 08:01:12 UTC 2022  -  PostgreSQL 11.15

Wed Mar 30 08:01:13 UTC 2022  -  PostgreSQL 11.15

Wed Mar 30 08:01:14 UTC 2022  -  PostgreSQL 11.15

Wed Mar 30 08:01:15 UTC 2022  -  PostgreSQL 11.15

Wed Mar 30 08:01:16 UTC 2022  -  PostgreSQL 11.15

Wed Mar 30 08:01:17 UTC 2022  -  PostgreSQL 11.15

Wed Mar 30 08:01:18 UTC 2022  -  PostgreSQL 11.15

Wed Mar 30 08:01:19 UTC 2022  -  PostgreSQL 11.15

Wed Mar 30 08:01:20 UTC 2022  -  PostgreSQL 11.15

Wed Mar 30 08:01:21 UTC 2022  -  PostgreSQL 11.15

Wed Mar 30 08:01:22 UTC 2022  -  PostgreSQL 11.15

Wed Mar 30 08:01:23 UTC 2022  -  PostgreSQL 11.15

Wed Mar 30 08:01:24 UTC 2022  -  PostgreSQL 11.15

Wed Mar 30 08:01:25 UTC 2022  -  PostgreSQL 11.15

Wed Mar 30 08:01:26 UTC 2022  -  PostgreSQL 11.15

Wed Mar 30 08:01:27 UTC 2022  -  PostgreSQL 11.15

Wed Mar 30 08:01:28 UTC 2022  -  PostgreSQL 11.15

Wed Mar 30 08:01:29 UTC 2022  -  PostgreSQL 11.15

Wed Mar 30 08:01:30 UTC 2022  -  PostgreSQL 11.15

Wed Mar 30 08:01:31 UTC 2022  -  PostgreSQL 11.15

Wed Mar 30 08:01:32 UTC 2022  -  PostgreSQL 11.15

Wed Mar 30 08:01:33 UTC 2022  -  PostgreSQL 11.15

Wed Mar 30 08:01:34 UTC 2022  -  PostgreSQL 11.15

Wed Mar 30 08:01:35 UTC 2022  -  PostgreSQL 11.15

Wed Mar 30 08:01:36 UTC 2022  -  PostgreSQL 11.15

Wed Mar 30 08:01:37 UTC 2022  -  PostgreSQL 11.15

Wed Mar 30 08:01:38 UTC 2022  -  PostgreSQL 11.15

Wed Mar 30 08:01:39 UTC 2022  -  PostgreSQL 11.15

Wed Mar 30 08:01:40 UTC 2022  -  PostgreSQL 11.15

Wed Mar 30 08:01:41 UTC 2022  -  PostgreSQL 11.15

Wed Mar 30 08:01:42 UTC 2022  -  PostgreSQL 11.15

Wed Mar 30 08:01:43 UTC 2022  -  PostgreSQL 11.15

Wed Mar 30 08:01:44 UTC 2022  -  PostgreSQL 11.15

Wed Mar 30 08:01:45 UTC 2022  -  PostgreSQL 11.15

Wed Mar 30 08:01:46 UTC 2022  -  PostgreSQL 11.15

Wed Mar 30 08:01:47 UTC 2022  -  PostgreSQL 11.15

Wed Mar 30 08:01:48 UTC 2022  -  PostgreSQL 11.15

Wed Mar 30 08:01:49 UTC 2022  -  PostgreSQL 11.15

Wed Mar 30 08:01:50 UTC 2022  -  PostgreSQL 11.15

Wed Mar 30 08:01:51 UTC 2022  -  PostgreSQL 11.15

Wed Mar 30 08:01:52 UTC 2022  -  PostgreSQL 11.15

Wed Mar 30 08:01:53 UTC 2022  -  PostgreSQL 11.15

Wed Mar 30 08:01:54 UTC 2022  -  PostgreSQL 11.15

Wed Mar 30 08:01:55 UTC 2022  -  PostgreSQL 11.15

Wed Mar 30 08:01:56 UTC 2022  -  PostgreSQL 11.15

Wed Mar 30 08:01:57 UTC 2022  -  PostgreSQL 11.15

Wed Mar 30 08:01:58 UTC 2022  -  PostgreSQL 11.15

Wed Mar 30 08:01:59 UTC 2022  -  PostgreSQL 11.15

Wed Mar 30 08:02:00 UTC 2022  -  PostgreSQL 11.15

Wed Mar 30 08:02:01 UTC 2022  -  PostgreSQL 11.15

Wed Mar 30 08:02:02 UTC 2022  -  PostgreSQL 11.15

Wed Mar 30 08:02:03 UTC 2022  -  PostgreSQL 11.15

Wed Mar 30 08:02:04 UTC 2022  -  PostgreSQL 11.15

Wed Mar 30 08:02:05 UTC 2022  -  PostgreSQL 11.15

Wed Mar 30 08:02:06 UTC 2022  -  PostgreSQL 11.15

Wed Mar 30 08:02:07 UTC 2022  -  PostgreSQL 11.15

Wed Mar 30 08:02:09 UTC 2022  -  PostgreSQL 11.15

Wed Mar 30 08:02:10 UTC 2022  -  PostgreSQL 11.15

Wed Mar 30 08:02:11 UTC 2022  -  PostgreSQL 11.15

Wed Mar 30 08:02:12 UTC 2022  -  PostgreSQL 11.15

Wed Mar 30 08:02:13 UTC 2022  -  PostgreSQL 11.15

Wed Mar 30 08:02:14 UTC 2022  -  PostgreSQL 11.15

Wed Mar 30 08:02:15 UTC 2022  -  PostgreSQL 11.15

Wed Mar 30 08:02:16 UTC 2022  -  PostgreSQL 11.15

Wed Mar 30 08:02:17 UTC 2022  -  PostgreSQL 11.15

Wed Mar 30 08:02:18 UTC 2022  -  PostgreSQL 11.15

Wed Mar 30 08:02:19 UTC 2022  -  PostgreSQL 11.15

Wed Mar 30 08:02:20 UTC 2022  -  PostgreSQL 11.15

Wed Mar 30 08:02:21 UTC 2022  -  PostgreSQL 11.15

Wed Mar 30 08:02:22 UTC 2022  -  PostgreSQL 11.15

Wed Mar 30 08:02:23 UTC 2022  -  PostgreSQL 11.15

Wed Mar 30 08:02:24 UTC 2022  -  PostgreSQL 11.15

Wed Mar 30 08:02:25 UTC 2022  -  PostgreSQL 11.15

Wed Mar 30 08:02:26 UTC 2022  -  PostgreSQL 11.15

Wed Mar 30 08:02:27 UTC 2022  -  PostgreSQL 11.15

Wed Mar 30 08:02:28 UTC 2022  -  PostgreSQL 11.15

Wed Mar 30 08:02:29 UTC 2022  -  PostgreSQL 11.15

Wed Mar 30 08:02:30 UTC 2022  -  PostgreSQL 11.15

Wed Mar 30 08:02:31 UTC 2022  -  PostgreSQL 11.15

Wed Mar 30 08:02:32 UTC 2022  -  PostgreSQL 11.15

Wed Mar 30 08:02:33 UTC 2022  -  PostgreSQL 11.15

Wed Mar 30 08:02:34 UTC 2022  -  PostgreSQL 11.15

Wed Mar 30 08:02:35 UTC 2022  -  PostgreSQL 11.15

Wed Mar 30 08:02:36 UTC 2022  -  PostgreSQL 11.15

Wed Mar 30 08:02:37 UTC 2022  -  PostgreSQL 11.15

Wed Mar 30 08:02:38 UTC 2022  -  PostgreSQL 11.15

Wed Mar 30 08:02:39 UTC 2022  -  PostgreSQL 11.15

Wed Mar 30 08:02:40 UTC 2022  -  PostgreSQL 11.15

Wed Mar 30 08:02:41 UTC 2022  -  PostgreSQL 11.15

Wed Mar 30 08:02:42 UTC 2022  -  PostgreSQL 11.15

Wed Mar 30 08:02:43 UTC 2022  -  PostgreSQL 11.15

Wed Mar 30 08:02:44 UTC 2022  -  PostgreSQL 11.15

Wed Mar 30 08:02:45 UTC 2022  -  PostgreSQL 11.15

Wed Mar 30 08:02:46 UTC 2022  -  PostgreSQL 11.15

Wed Mar 30 08:02:47 UTC 2022  -  PostgreSQL 11.15

Wed Mar 30 08:02:48 UTC 2022  -  PostgreSQL 11.15

Wed Mar 30 08:02:49 UTC 2022  -  PostgreSQL 11.15

Wed Mar 30 08:02:50 UTC 2022  -  PostgreSQL 11.15

Wed Mar 30 08:02:51 UTC 2022  -  PostgreSQL 11.15

Wed Mar 30 08:02:52 UTC 2022  -  PostgreSQL 11.15

Wed Mar 30 08:02:53 UTC 2022  -  PostgreSQL 11.15

Wed Mar 30 08:02:54 UTC 2022  -  PostgreSQL 11.15

Wed Mar 30 08:02:55 UTC 2022  -  PostgreSQL 11.15

Wed Mar 30 08:02:56 UTC 2022  -  PostgreSQL 11.15

Wed Mar 30 08:02:57 UTC 2022  -  PostgreSQL 11.15

Wed Mar 30 08:02:58 UTC 2022  -  PostgreSQL 11.15

Wed Mar 30 08:02:59 UTC 2022  -  PostgreSQL 11.15

Wed Mar 30 08:03:00 UTC 2022  -  PostgreSQL 11.15

Wed Mar 30 08:03:01 UTC 2022  -  PostgreSQL 11.15

Wed Mar 30 08:03:02 UTC 2022  -  PostgreSQL 11.15

Wed Mar 30 08:03:03 UTC 2022  -  PostgreSQL 11.15

Wed Mar 30 08:03:04 UTC 2022  -  PostgreSQL 11.15

Wed Mar 30 08:03:05 UTC 2022  -  PostgreSQL 11.15

Wed Mar 30 08:03:06 UTC 2022  -  PostgreSQL 11.15

Wed Mar 30 08:03:07 UTC 2022  -  PostgreSQL 11.15

Wed Mar 30 08:03:08 UTC 2022  -  PostgreSQL 11.15

Wed Mar 30 08:03:09 UTC 2022  -  PostgreSQL 11.15

Wed Mar 30 08:03:10 UTC 2022  -  PostgreSQL 11.15

Wed Mar 30 08:03:11 UTC 2022  -  PostgreSQL 11.15

Wed Mar 30 08:03:12 UTC 2022  -  PostgreSQL 11.15

Wed Mar 30 08:03:13 UTC 2022  -  PostgreSQL 11.15

Wed Mar 30 08:03:14 UTC 2022  -  PostgreSQL 11.15

Wed Mar 30 08:03:15 UTC 2022  -  PostgreSQL 11.15

Wed Mar 30 08:03:16 UTC 2022  -  PostgreSQL 11.15

Wed Mar 30 08:03:17 UTC 2022  -  PostgreSQL 11.15

Wed Mar 30 08:03:18 UTC 2022  -  PostgreSQL 11.15

Wed Mar 30 08:03:19 UTC 2022  -  PostgreSQL 11.15

Wed Mar 30 08:03:20 UTC 2022  -  PostgreSQL 11.15

Wed Mar 30 08:03:21 UTC 2022  -  PostgreSQL 11.15

Wed Mar 30 08:03:22 UTC 2022  -  PostgreSQL 11.15

Wed Mar 30 08:03:24 UTC 2022  -  PostgreSQL 11.15

Wed Mar 30 08:03:25 UTC 2022  -  PostgreSQL 11.15

Wed Mar 30 08:03:26 UTC 2022  -  PostgreSQL 11.15

Wed Mar 30 08:03:27 UTC 2022  -  PostgreSQL 11.15

Wed Mar 30 08:03:28 UTC 2022  -  PostgreSQL 11.15

Wed Mar 30 08:03:29 UTC 2022  -  PostgreSQL 11.15

Wed Mar 30 08:03:30 UTC 2022  -  PostgreSQL 11.15

Wed Mar 30 08:03:31 UTC 2022  -  PostgreSQL 11.15

Wed Mar 30 08:03:32 UTC 2022  -  PostgreSQL 11.15

Wed Mar 30 08:03:33 UTC 2022  -  PostgreSQL 11.15

Wed Mar 30 08:03:34 UTC 2022  -  PostgreSQL 11.15

Wed Mar 30 08:03:35 UTC 2022  -  PostgreSQL 11.15

Wed Mar 30 08:03:36 UTC 2022  -  PostgreSQL 11.15

Wed Mar 30 08:03:37 UTC 2022  -  PostgreSQL 11.15

Wed Mar 30 08:03:38 UTC 2022  -  PostgreSQL 11.15

Wed Mar 30 08:03:39 UTC 2022  -  PostgreSQL 11.15

Wed Mar 30 08:03:40 UTC 2022  -  PostgreSQL 11.15

Wed Mar 30 08:03:41 UTC 2022  -  PostgreSQL 11.15

Wed Mar 30 08:03:42 UTC 2022  -  PostgreSQL 11.15

Wed Mar 30 08:03:43 UTC 2022  -  PostgreSQL 11.15

Wed Mar 30 08:03:44 UTC 2022  -  PostgreSQL 11.15

Wed Mar 30 08:03:45 UTC 2022  -  PostgreSQL 11.15

Wed Mar 30 08:03:46 UTC 2022  -  PostgreSQL 11.15

Wed Mar 30 08:03:47 UTC 2022  -  PostgreSQL 11.15

Wed Mar 30 08:03:48 UTC 2022  -  PostgreSQL 11.15

Wed Mar 30 08:03:49 UTC 2022  -  PostgreSQL 11.15

Wed Mar 30 08:03:50 UTC 2022  -  PostgreSQL 11.15

Wed Mar 30 08:03:51 UTC 2022  -  PostgreSQL 11.15

Wed Mar 30 08:03:52 UTC 2022  -  PostgreSQL 11.15

Wed Mar 30 08:03:53 UTC 2022  -  PostgreSQL 11.15

Wed Mar 30 08:03:54 UTC 2022  -  PostgreSQL 11.15

Wed Mar 30 08:03:55 UTC 2022  -  PostgreSQL 11.15

Wed Mar 30 08:03:56 UTC 2022  -  PostgreSQL 11.15

Wed Mar 30 08:03:57 UTC 2022  -  PostgreSQL 11.15

Wed Mar 30 08:03:58 UTC 2022  -  PostgreSQL 11.15

Wed Mar 30 08:03:59 UTC 2022  -  PostgreSQL 11.15

Wed Mar 30 08:04:00 UTC 2022  -  PostgreSQL 11.15

Wed Mar 30 08:04:01 UTC 2022  -  PostgreSQL 11.15

Wed Mar 30 08:04:02 UTC 2022  -  PostgreSQL 11.15

Wed Mar 30 08:04:03 UTC 2022  -  PostgreSQL 11.15

Wed Mar 30 08:04:04 UTC 2022  -  PostgreSQL 11.15

Wed Mar 30 08:04:05 UTC 2022  -  PostgreSQL 11.15

Wed Mar 30 08:04:06 UTC 2022  -  PostgreSQL 11.15

Wed Mar 30 08:04:07 UTC 2022  -  PostgreSQL 11.15

Wed Mar 30 08:04:08 UTC 2022  -  PostgreSQL 11.15

Wed Mar 30 08:04:09 UTC 2022  -  PostgreSQL 11.15

Wed Mar 30 08:04:10 UTC 2022  -  PostgreSQL 11.15

Wed Mar 30 08:04:11 UTC 2022  -  PostgreSQL 11.15

Wed Mar 30 08:04:12 UTC 2022  -  PostgreSQL 11.15

Wed Mar 30 08:04:13 UTC 2022  -  PostgreSQL 11.15

Wed Mar 30 08:04:14 UTC 2022  -  PostgreSQL 11.15

Wed Mar 30 08:04:15 UTC 2022  -  PostgreSQL 11.15

Wed Mar 30 08:04:16 UTC 2022  -  PostgreSQL 11.15

Wed Mar 30 08:04:17 UTC 2022  -  PostgreSQL 11.15

Wed Mar 30 08:04:18 UTC 2022  -  PostgreSQL 11.15

Wed Mar 30 08:04:19 UTC 2022  -  PostgreSQL 11.15

Wed Mar 30 08:04:20 UTC 2022  -  PostgreSQL 11.15

Wed Mar 30 08:04:21 UTC 2022  -  PostgreSQL 11.15

Wed Mar 30 08:04:22 UTC 2022  -  PostgreSQL 11.15

Wed Mar 30 08:04:23 UTC 2022  -  PostgreSQL 11.15

Wed Mar 30 08:04:24 UTC 2022  -  PostgreSQL 11.15

Wed Mar 30 08:04:25 UTC 2022  -  PostgreSQL 11.15

Wed Mar 30 08:04:26 UTC 2022  -  PostgreSQL 11.15

Wed Mar 30 08:04:27 UTC 2022  -  PostgreSQL 11.15

Wed Mar 30 08:04:28 UTC 2022  -  PostgreSQL 11.15

Wed Mar 30 08:04:29 UTC 2022  -  PostgreSQL 11.15

Wed Mar 30 08:04:30 UTC 2022  -  PostgreSQL 11.15

Wed Mar 30 08:04:31 UTC 2022  -  PostgreSQL 11.15

Wed Mar 30 08:04:32 UTC 2022  -  PostgreSQL 11.15

Wed Mar 30 08:04:34 UTC 2022  -  PostgreSQL 11.15

Wed Mar 30 08:04:35 UTC 2022  -  PostgreSQL 11.15

Wed Mar 30 08:04:36 UTC 2022  -  PostgreSQL 11.15

Wed Mar 30 08:04:37 UTC 2022  -  PostgreSQL 11.15

Wed Mar 30 08:04:38 UTC 2022  -  PostgreSQL 11.15

Wed Mar 30 08:04:39 UTC 2022  -  PostgreSQL 11.15

Wed Mar 30 08:04:40 UTC 2022  -  PostgreSQL 11.15

Wed Mar 30 08:04:41 UTC 2022  -  PostgreSQL 11.15

Wed Mar 30 08:04:42 UTC 2022  -  PostgreSQL 11.15

Wed Mar 30 08:04:43 UTC 2022  -  PostgreSQL 11.15

Wed Mar 30 08:04:44 UTC 2022  -  PostgreSQL 11.15

Wed Mar 30 08:04:45 UTC 2022  -  PostgreSQL 11.15

Wed Mar 30 08:04:46 UTC 2022  -  PostgreSQL 11.15

Wed Mar 30 08:04:47 UTC 2022  -  PostgreSQL 11.15

Wed Mar 30 08:04:48 UTC 2022  -  PostgreSQL 11.15

Wed Mar 30 08:04:49 UTC 2022  -  PostgreSQL 11.15

Wed Mar 30 08:04:50 UTC 2022  -  PostgreSQL 11.15

Wed Mar 30 08:04:51 UTC 2022  -  PostgreSQL 11.15

Wed Mar 30 08:04:52 UTC 2022  -  PostgreSQL 11.15

Wed Mar 30 08:04:53 UTC 2022  -  PostgreSQL 11.15

Wed Mar 30 08:04:54 UTC 2022  -  PostgreSQL 11.15

Wed Mar 30 08:04:55 UTC 2022  -  PostgreSQL 11.15

Wed Mar 30 08:04:56 UTC 2022  -  PostgreSQL 11.15

Wed Mar 30 08:04:57 UTC 2022  -  PostgreSQL 11.15

Wed Mar 30 08:04:58 UTC 2022  -  PostgreSQL 11.15

Wed Mar 30 08:04:59 UTC 2022  -  PostgreSQL 11.15

Wed Mar 30 08:05:00 UTC 2022  -  PostgreSQL 11.15

Wed Mar 30 08:05:01 UTC 2022  -  PostgreSQL 11.15

Wed Mar 30 08:05:02 UTC 2022  -  PostgreSQL 11.15

Wed Mar 30 08:05:03 UTC 2022  -  PostgreSQL 11.15

Wed Mar 30 08:05:04 UTC 2022  -  PostgreSQL 11.15

Wed Mar 30 08:05:05 UTC 2022  -  PostgreSQL 11.15

Wed Mar 30 08:05:06 UTC 2022  -  PostgreSQL 11.15

Wed Mar 30 08:05:07 UTC 2022  -  PostgreSQL 11.15

Wed Mar 30 08:05:08 UTC 2022  -  PostgreSQL 11.15

Wed Mar 30 08:05:09 UTC 2022  -  PostgreSQL 11.15

Wed Mar 30 08:05:10 UTC 2022  -  PostgreSQL 11.15

Wed Mar 30 08:05:11 UTC 2022  -  PostgreSQL 11.15

Wed Mar 30 08:05:12 UTC 2022  -  PostgreSQL 11.15

Wed Mar 30 08:05:13 UTC 2022  -  PostgreSQL 11.15

Wed Mar 30 08:05:14 UTC 2022  -  PostgreSQL 11.15

Wed Mar 30 08:05:15 UTC 2022  -  PostgreSQL 11.15

Wed Mar 30 08:05:16 UTC 2022  -  PostgreSQL 11.15

Wed Mar 30 08:05:17 UTC 2022  -  PostgreSQL 11.15

Wed Mar 30 08:05:18 UTC 2022  -  PostgreSQL 11.15

Wed Mar 30 08:05:19 UTC 2022  -  PostgreSQL 11.15

Wed Mar 30 08:05:20 UTC 2022  -  PostgreSQL 11.15

Wed Mar 30 08:05:21 UTC 2022  -  PostgreSQL 11.15

Wed Mar 30 08:05:22 UTC 2022  -  PostgreSQL 11.15

Wed Mar 30 08:05:23 UTC 2022  -  PostgreSQL 11.15

Wed Mar 30 08:05:24 UTC 2022  -  PostgreSQL 11.15

Wed Mar 30 08:05:25 UTC 2022  -  PostgreSQL 11.15

Wed Mar 30 08:05:26 UTC 2022  -  PostgreSQL 11.15

Wed Mar 30 08:05:27 UTC 2022  -  PostgreSQL 11.15

Wed Mar 30 08:05:28 UTC 2022  -  PostgreSQL 11.15

Wed Mar 30 08:05:29 UTC 2022  -  PostgreSQL 11.15

Wed Mar 30 08:05:30 UTC 2022  -  PostgreSQL 11.15

Wed Mar 30 08:05:31 UTC 2022  -  PostgreSQL 11.15

Wed Mar 30 08:05:32 UTC 2022  -  PostgreSQL 11.15

Wed Mar 30 08:05:33 UTC 2022  -  PostgreSQL 11.15

Wed Mar 30 08:05:34 UTC 2022  -  PostgreSQL 11.15

Wed Mar 30 08:05:36 UTC 2022  -  PostgreSQL 11.15

Wed Mar 30 08:05:37 UTC 2022  -  PostgreSQL 11.15

Wed Mar 30 08:05:38 UTC 2022  -  PostgreSQL 11.15

Wed Mar 30 08:05:39 UTC 2022  -  PostgreSQL 11.15

Wed Mar 30 08:05:40 UTC 2022  -  PostgreSQL 11.15

Wed Mar 30 08:05:41 UTC 2022  -  PostgreSQL 11.15

Wed Mar 30 08:05:42 UTC 2022  -  PostgreSQL 11.15

Wed Mar 30 08:05:43 UTC 2022  -  PostgreSQL 11.15

Wed Mar 30 08:05:44 UTC 2022  -  PostgreSQL 11.15

Wed Mar 30 08:05:45 UTC 2022  -  PostgreSQL 11.15

Wed Mar 30 08:05:46 UTC 2022  -  PostgreSQL 11.15

Wed Mar 30 08:05:47 UTC 2022  -  PostgreSQL 11.15

Wed Mar 30 08:05:48 UTC 2022  -  PostgreSQL 11.15

Wed Mar 30 08:05:49 UTC 2022  -  PostgreSQL 11.15

Wed Mar 30 08:05:50 UTC 2022  -  PostgreSQL 11.15

Wed Mar 30 08:05:51 UTC 2022  -  PostgreSQL 11.15

Wed Mar 30 08:05:52 UTC 2022  -  PostgreSQL 11.15

Wed Mar 30 08:05:53 UTC 2022  -  PostgreSQL 11.15

Wed Mar 30 08:05:54 UTC 2022  -  PostgreSQL 11.15

Wed Mar 30 08:05:55 UTC 2022  -  PostgreSQL 11.15

Wed Mar 30 08:05:56 UTC 2022  -  PostgreSQL 11.15

Wed Mar 30 08:05:57 UTC 2022  -  PostgreSQL 11.15

Wed Mar 30 08:05:58 UTC 2022  -  PostgreSQL 11.15

Wed Mar 30 08:05:59 UTC 2022  -  PostgreSQL 11.15

Wed Mar 30 08:06:00 UTC 2022  -  PostgreSQL 11.15

Wed Mar 30 08:06:01 UTC 2022  -  PostgreSQL 11.15

Wed Mar 30 08:06:02 UTC 2022  -  PostgreSQL 11.15

Wed Mar 30 08:06:03 UTC 2022  -  PostgreSQL 11.15

Wed Mar 30 08:06:04 UTC 2022  -  PostgreSQL 11.15

Wed Mar 30 08:06:05 UTC 2022  -  PostgreSQL 11.15

Wed Mar 30 08:06:06 UTC 2022  -  PostgreSQL 11.15

Wed Mar 30 08:06:07 UTC 2022  -  PostgreSQL 11.15

Wed Mar 30 08:06:08 UTC 2022  -  PostgreSQL 11.15

Wed Mar 30 08:06:09 UTC 2022  -  PostgreSQL 11.15

Wed Mar 30 08:06:10 UTC 2022  -  PostgreSQL 11.15

Wed Mar 30 08:06:11 UTC 2022  -  PostgreSQL 11.15

Wed Mar 30 08:06:12 UTC 2022  -  PostgreSQL 11.15

Wed Mar 30 08:06:13 UTC 2022  -  PostgreSQL 11.15

Wed Mar 30 08:06:14 UTC 2022  -  PostgreSQL 11.15

Wed Mar 30 08:06:15 UTC 2022  -  PostgreSQL 11.15

Wed Mar 30 08:06:16 UTC 2022  -  PostgreSQL 11.15

Wed Mar 30 08:06:17 UTC 2022  -  PostgreSQL 11.15

Wed Mar 30 08:06:18 UTC 2022  -  PostgreSQL 11.15

Wed Mar 30 08:06:19 UTC 2022  -  PostgreSQL 11.15

Wed Mar 30 08:06:20 UTC 2022  -  PostgreSQL 11.15

Wed Mar 30 08:06:21 UTC 2022  -  PostgreSQL 11.15

Wed Mar 30 08:06:22 UTC 2022  -  PostgreSQL 11.15

Wed Mar 30 08:06:23 UTC 2022  -  PostgreSQL 11.15

Wed Mar 30 08:06:24 UTC 2022  -  PostgreSQL 11.15

Wed Mar 30 08:06:25 UTC 2022  -  PostgreSQL 11.15

Wed Mar 30 08:06:26 UTC 2022  -  PostgreSQL 11.15

Wed Mar 30 08:06:27 UTC 2022  -  PostgreSQL 11.15

Wed Mar 30 08:06:28 UTC 2022  -  PostgreSQL 11.15

Wed Mar 30 08:06:29 UTC 2022  -  PostgreSQL 11.15

Wed Mar 30 08:06:30 UTC 2022  -  PostgreSQL 11.15

Wed Mar 30 08:06:31 UTC 2022  -  PostgreSQL 11.15

Wed Mar 30 08:06:32 UTC 2022  -  PostgreSQL 11.15

Wed Mar 30 08:06:33 UTC 2022  -  PostgreSQL 11.15

Wed Mar 30 08:06:34 UTC 2022  -  PostgreSQL 11.15

Wed Mar 30 08:06:35 UTC 2022  -  PostgreSQL 11.15

Wed Mar 30 08:06:36 UTC 2022  -  PostgreSQL 11.15

Wed Mar 30 08:06:37 UTC 2022  -  PostgreSQL 11.15

Wed Mar 30 08:06:39 UTC 2022  -  PostgreSQL 11.15

Wed Mar 30 08:06:40 UTC 2022  -  PostgreSQL 11.15

Wed Mar 30 08:06:41 UTC 2022  -  PostgreSQL 11.15

Wed Mar 30 08:06:42 UTC 2022  -  PostgreSQL 11.15

Wed Mar 30 08:06:43 UTC 2022  -  PostgreSQL 11.15

Wed Mar 30 08:06:44 UTC 2022  -  PostgreSQL 11.15

Wed Mar 30 08:06:45 UTC 2022  -  PostgreSQL 11.15

Wed Mar 30 08:06:46 UTC 2022  -  PostgreSQL 11.15

Wed Mar 30 08:06:47 UTC 2022  -  PostgreSQL 11.15

Wed Mar 30 08:06:48 UTC 2022  -  PostgreSQL 11.15

Wed Mar 30 08:06:49 UTC 2022  -  PostgreSQL 11.15

Wed Mar 30 08:06:50 UTC 2022  -  PostgreSQL 11.15

Wed Mar 30 08:06:51 UTC 2022  -  PostgreSQL 11.15

Wed Mar 30 08:06:52 UTC 2022  -  PostgreSQL 11.15

Wed Mar 30 08:06:53 UTC 2022  -  PostgreSQL 11.15

Wed Mar 30 08:06:54 UTC 2022  -  PostgreSQL 11.15

Wed Mar 30 08:06:55 UTC 2022  -  PostgreSQL 11.15

Wed Mar 30 08:06:56 UTC 2022  -  PostgreSQL 11.15

Wed Mar 30 08:06:57 UTC 2022  -  PostgreSQL 11.15

Wed Mar 30 08:06:58 UTC 2022  -  PostgreSQL 11.15

Wed Mar 30 08:06:59 UTC 2022  -  PostgreSQL 11.15

Wed Mar 30 08:07:00 UTC 2022  -  PostgreSQL 11.15

Wed Mar 30 08:07:01 UTC 2022  -  PostgreSQL 11.15

Wed Mar 30 08:07:02 UTC 2022  -  PostgreSQL 11.15

Wed Mar 30 08:07:03 UTC 2022  -  PostgreSQL 11.15

Wed Mar 30 08:07:04 UTC 2022  -  PostgreSQL 11.15

Wed Mar 30 08:07:05 UTC 2022  -  PostgreSQL 11.15

Wed Mar 30 08:07:06 UTC 2022  -  PostgreSQL 11.15

Wed Mar 30 08:07:07 UTC 2022  -  PostgreSQL 11.15

Wed Mar 30 08:07:08 UTC 2022  -  PostgreSQL 11.15

Wed Mar 30 08:07:09 UTC 2022  -  PostgreSQL 11.15

Wed Mar 30 08:07:10 UTC 2022  -  PostgreSQL 11.15

Wed Mar 30 08:07:11 UTC 2022  -  PostgreSQL 11.15

Wed Mar 30 08:07:12 UTC 2022  -  PostgreSQL 11.15

Wed Mar 30 08:07:13 UTC 2022  -  PostgreSQL 11.15

Wed Mar 30 08:07:14 UTC 2022  -  PostgreSQL 11.15

Wed Mar 30 08:07:15 UTC 2022  -  PostgreSQL 11.15

Wed Mar 30 08:07:16 UTC 2022  -  PostgreSQL 11.15

Wed Mar 30 08:07:17 UTC 2022  -  PostgreSQL 11.15

Wed Mar 30 08:07:18 UTC 2022  -  PostgreSQL 11.15

Wed Mar 30 08:07:19 UTC 2022  -  PostgreSQL 11.15

Wed Mar 30 08:07:20 UTC 2022  -  PostgreSQL 11.15

Wed Mar 30 08:07:21 UTC 2022  -  PostgreSQL 11.15

Wed Mar 30 08:07:22 UTC 2022  -  PostgreSQL 11.15

Wed Mar 30 08:07:23 UTC 2022  -  PostgreSQL 11.15

Wed Mar 30 08:07:24 UTC 2022  -  PostgreSQL 11.15

Wed Mar 30 08:07:25 UTC 2022  -  PostgreSQL 11.15

Wed Mar 30 08:07:26 UTC 2022  -  PostgreSQL 11.15

Wed Mar 30 08:07:27 UTC 2022  -  PostgreSQL 11.15

Wed Mar 30 08:07:28 UTC 2022  -  PostgreSQL 11.15

Wed Mar 30 08:07:29 UTC 2022  -  PostgreSQL 11.15

Wed Mar 30 08:07:30 UTC 2022  -  PostgreSQL 11.15

Wed Mar 30 08:07:31 UTC 2022  -  PostgreSQL 11.15

Wed Mar 30 08:07:32 UTC 2022  -  PostgreSQL 11.15

Wed Mar 30 08:07:33 UTC 2022  -  PostgreSQL 11.15

Wed Mar 30 08:07:34 UTC 2022  -  PostgreSQL 11.15

Wed Mar 30 08:07:35 UTC 2022  -  PostgreSQL 11.15

Wed Mar 30 08:07:36 UTC 2022  -  PostgreSQL 11.15

Wed Mar 30 08:07:37 UTC 2022  -  PostgreSQL 11.15

Wed Mar 30 08:07:38 UTC 2022  -  PostgreSQL 11.15

Wed Mar 30 08:07:39 UTC 2022  -  PostgreSQL 11.15

Wed Mar 30 08:07:40 UTC 2022  -  PostgreSQL 11.15

Wed Mar 30 08:07:41 UTC 2022  -  PostgreSQL 11.15

Wed Mar 30 08:07:43 UTC 2022  -  PostgreSQL 11.15

Wed Mar 30 08:07:44 UTC 2022  -  PostgreSQL 11.15

Wed Mar 30 08:07:45 UTC 2022  -  PostgreSQL 11.15

Wed Mar 30 08:07:46 UTC 2022  -  PostgreSQL 11.15

Wed Mar 30 08:07:47 UTC 2022  -  PostgreSQL 11.15

Wed Mar 30 08:07:48 UTC 2022  -  PostgreSQL 11.15

Wed Mar 30 08:07:49 UTC 2022  -  PostgreSQL 11.15

Wed Mar 30 08:07:50 UTC 2022  -  PostgreSQL 11.15

Wed Mar 30 08:07:51 UTC 2022  -  PostgreSQL 11.15

Wed Mar 30 08:07:52 UTC 2022  -  PostgreSQL 11.15

Wed Mar 30 08:07:53 UTC 2022  -  PostgreSQL 11.15

Wed Mar 30 08:07:54 UTC 2022  -  PostgreSQL 11.15

Wed Mar 30 08:07:55 UTC 2022  -  PostgreSQL 11.15

Wed Mar 30 08:07:56 UTC 2022  -  PostgreSQL 11.15

Wed Mar 30 08:07:57 UTC 2022  -  PostgreSQL 11.15

Wed Mar 30 08:07:58 UTC 2022  -  PostgreSQL 11.15

Wed Mar 30 08:07:59 UTC 2022  -  PostgreSQL 11.15

Wed Mar 30 08:08:00 UTC 2022  -  PostgreSQL 11.15

Wed Mar 30 08:08:01 UTC 2022  -  PostgreSQL 11.15

Wed Mar 30 08:08:02 UTC 2022  -  PostgreSQL 11.15

Wed Mar 30 08:08:03 UTC 2022  -  PostgreSQL 11.15

Wed Mar 30 08:08:04 UTC 2022  -  PostgreSQL 11.15

Wed Mar 30 08:08:05 UTC 2022  -  PostgreSQL 11.15

Wed Mar 30 08:08:06 UTC 2022  -  PostgreSQL 11.15

Wed Mar 30 08:08:07 UTC 2022  -  PostgreSQL 11.15

Wed Mar 30 08:08:08 UTC 2022  -  PostgreSQL 11.15

Wed Mar 30 08:08:09 UTC 2022  -  PostgreSQL 11.15

Wed Mar 30 08:08:10 UTC 2022  -  PostgreSQL 11.15

Wed Mar 30 08:08:11 UTC 2022  -  PostgreSQL 11.15

Wed Mar 30 08:08:12 UTC 2022  -  PostgreSQL 11.15

Wed Mar 30 08:08:13 UTC 2022  -  PostgreSQL 11.15

Wed Mar 30 08:08:14 UTC 2022  -  PostgreSQL 11.15

Wed Mar 30 08:08:15 UTC 2022  -  PostgreSQL 11.15

Wed Mar 30 08:08:16 UTC 2022  -  PostgreSQL 11.15

Wed Mar 30 08:08:17 UTC 2022  -  PostgreSQL 11.15

Wed Mar 30 08:08:18 UTC 2022  -  PostgreSQL 11.15

Wed Mar 30 08:08:19 UTC 2022  -  PostgreSQL 11.15

Wed Mar 30 08:08:20 UTC 2022  -  PostgreSQL 11.15

Wed Mar 30 08:08:21 UTC 2022  -  PostgreSQL 11.15

Wed Mar 30 08:08:22 UTC 2022  -  PostgreSQL 11.15

Wed Mar 30 08:08:23 UTC 2022  -  PostgreSQL 11.15

Wed Mar 30 08:08:24 UTC 2022  -  PostgreSQL 11.15

Wed Mar 30 08:08:25 UTC 2022  -  PostgreSQL 11.15

Wed Mar 30 08:08:26 UTC 2022  -  PostgreSQL 11.15

Wed Mar 30 08:08:27 UTC 2022  -  PostgreSQL 11.15

Wed Mar 30 08:08:28 UTC 2022  -  PostgreSQL 11.15

Wed Mar 30 08:08:29 UTC 2022  -  PostgreSQL 11.15

Wed Mar 30 08:08:30 UTC 2022  -  PostgreSQL 11.15

Wed Mar 30 08:08:31 UTC 2022  -  PostgreSQL 11.15

Wed Mar 30 08:08:32 UTC 2022  -  PostgreSQL 11.15

Wed Mar 30 08:08:33 UTC 2022  -  PostgreSQL 11.15

Wed Mar 30 08:08:34 UTC 2022  -  PostgreSQL 11.15

Wed Mar 30 08:08:35 UTC 2022  -  PostgreSQL 11.15

Wed Mar 30 08:08:36 UTC 2022  -  PostgreSQL 11.15

Wed Mar 30 08:08:37 UTC 2022  -  PostgreSQL 11.15

Wed Mar 30 08:08:38 UTC 2022  -  PostgreSQL 11.15

Wed Mar 30 08:08:39 UTC 2022  -  PostgreSQL 11.15

Wed Mar 30 08:08:40 UTC 2022  -  PostgreSQL 11.15

Wed Mar 30 08:08:41 UTC 2022  -  PostgreSQL 11.15

Wed Mar 30 08:08:42 UTC 2022  -  PostgreSQL 11.15

Wed Mar 30 08:08:44 UTC 2022  -  PostgreSQL 11.15

Wed Mar 30 08:08:45 UTC 2022  -  PostgreSQL 11.15

Wed Mar 30 08:08:46 UTC 2022  -  PostgreSQL 11.15

Wed Mar 30 08:08:47 UTC 2022  -  PostgreSQL 11.15

Wed Mar 30 08:08:48 UTC 2022  -  PostgreSQL 11.15

Wed Mar 30 08:08:49 UTC 2022  -  PostgreSQL 11.15

Wed Mar 30 08:08:50 UTC 2022  -  PostgreSQL 11.15

Wed Mar 30 08:08:51 UTC 2022  -  PostgreSQL 11.15

Wed Mar 30 08:08:52 UTC 2022  -  PostgreSQL 11.15

Wed Mar 30 08:08:53 UTC 2022  -  PostgreSQL 11.15

Wed Mar 30 08:08:54 UTC 2022  -  PostgreSQL 11.15

Wed Mar 30 08:08:55 UTC 2022  -  PostgreSQL 11.15

Wed Mar 30 08:08:56 UTC 2022  -  PostgreSQL 11.15

Wed Mar 30 08:08:57 UTC 2022  -  PostgreSQL 11.15

Wed Mar 30 08:08:58 UTC 2022  -  PostgreSQL 11.15

Wed Mar 30 08:08:59 UTC 2022  -  PostgreSQL 11.15

Wed Mar 30 08:09:00 UTC 2022  -  PostgreSQL 11.15

Wed Mar 30 08:09:01 UTC 2022  -  PostgreSQL 11.15

Wed Mar 30 08:09:02 UTC 2022  -  PostgreSQL 11.15

Wed Mar 30 08:09:03 UTC 2022  -  PostgreSQL 11.15

Wed Mar 30 08:09:04 UTC 2022  -  PostgreSQL 11.15

Wed Mar 30 08:09:05 UTC 2022  -  PostgreSQL 11.15

Wed Mar 30 08:09:06 UTC 2022  -  PostgreSQL 11.15

Wed Mar 30 08:09:07 UTC 2022  -  PostgreSQL 11.15

Wed Mar 30 08:09:08 UTC 2022  -  PostgreSQL 11.15

Wed Mar 30 08:09:09 UTC 2022  -  PostgreSQL 11.15

Wed Mar 30 08:09:10 UTC 2022  -  PostgreSQL 11.15

Wed Mar 30 08:09:11 UTC 2022  -  PostgreSQL 11.15

Wed Mar 30 08:09:12 UTC 2022  -  PostgreSQL 11.15

Wed Mar 30 08:09:13 UTC 2022  -  PostgreSQL 11.15

Wed Mar 30 08:09:14 UTC 2022  -  PostgreSQL 11.15

Wed Mar 30 08:09:15 UTC 2022  -  PostgreSQL 11.15

Wed Mar 30 08:09:16 UTC 2022  -  PostgreSQL 11.15

Wed Mar 30 08:09:17 UTC 2022  -  PostgreSQL 11.15

Wed Mar 30 08:09:18 UTC 2022  -  PostgreSQL 11.15

Wed Mar 30 08:09:19 UTC 2022  -  PostgreSQL 11.15

Wed Mar 30 08:09:20 UTC 2022  -  PostgreSQL 11.15

Wed Mar 30 08:09:21 UTC 2022  -  PostgreSQL 11.15

Wed Mar 30 08:09:22 UTC 2022  -  PostgreSQL 11.15

Wed Mar 30 08:09:23 UTC 2022  -  PostgreSQL 11.15

Wed Mar 30 08:09:24 UTC 2022  -  PostgreSQL 11.15

Wed Mar 30 08:09:25 UTC 2022  -  PostgreSQL 11.15

Wed Mar 30 08:09:26 UTC 2022  -  PostgreSQL 11.15

Wed Mar 30 08:09:27 UTC 2022  -  PostgreSQL 11.15

Wed Mar 30 08:09:28 UTC 2022  -  PostgreSQL 11.15

Wed Mar 30 08:09:29 UTC 2022  -  PostgreSQL 11.15

Wed Mar 30 08:09:30 UTC 2022  -  PostgreSQL 11.15

Wed Mar 30 08:09:31 UTC 2022  -  PostgreSQL 11.15

Wed Mar 30 08:09:32 UTC 2022  -  PostgreSQL 11.15

Wed Mar 30 08:09:33 UTC 2022  -  PostgreSQL 11.15

Wed Mar 30 08:09:34 UTC 2022  -  PostgreSQL 11.15

Wed Mar 30 08:09:35 UTC 2022  -  PostgreSQL 11.15

Wed Mar 30 08:09:36 UTC 2022  -  PostgreSQL 11.15

Wed Mar 30 08:09:37 UTC 2022  -  PostgreSQL 11.15

Wed Mar 30 08:09:38 UTC 2022  -  PostgreSQL 11.15

Wed Mar 30 08:09:39 UTC 2022  -  PostgreSQL 11.15

Wed Mar 30 08:09:40 UTC 2022  -  PostgreSQL 11.15

Wed Mar 30 08:09:41 UTC 2022  -  PostgreSQL 11.15

Wed Mar 30 08:09:42 UTC 2022  -  PostgreSQL 11.15

Wed Mar 30 08:09:43 UTC 2022  -  PostgreSQL 11.15

Wed Mar 30 08:09:44 UTC 2022  -  PostgreSQL 11.15

Wed Mar 30 08:09:45 UTC 2022  -  PostgreSQL 11.15

Wed Mar 30 08:09:46 UTC 2022  -  PostgreSQL 11.15

Wed Mar 30 08:09:47 UTC 2022  -  PostgreSQL 11.15

Wed Mar 30 08:09:48 UTC 2022  -  PostgreSQL 11.15

Wed Mar 30 08:09:50 UTC 2022  -  PostgreSQL 11.15

Wed Mar 30 08:09:51 UTC 2022  -  PostgreSQL 11.15

Wed Mar 30 08:09:52 UTC 2022  -  PostgreSQL 11.15

Wed Mar 30 08:09:53 UTC 2022  -  PostgreSQL 11.15

Wed Mar 30 08:09:54 UTC 2022  -  PostgreSQL 11.15

Wed Mar 30 08:09:55 UTC 2022  -  PostgreSQL 11.15

Wed Mar 30 08:09:56 UTC 2022  -  PostgreSQL 11.15

Wed Mar 30 08:09:57 UTC 2022  -  PostgreSQL 11.15

Wed Mar 30 08:09:58 UTC 2022  -  PostgreSQL 11.15

Wed Mar 30 08:09:59 UTC 2022  -  PostgreSQL 11.15

Wed Mar 30 08:10:00 UTC 2022  -  PostgreSQL 11.15

Wed Mar 30 08:10:01 UTC 2022  -  PostgreSQL 11.15

Wed Mar 30 08:10:02 UTC 2022  -  PostgreSQL 11.15

Wed Mar 30 08:10:03 UTC 2022  -  PostgreSQL 11.15

Wed Mar 30 08:10:04 UTC 2022  -  PostgreSQL 11.15

Wed Mar 30 08:10:05 UTC 2022  -  PostgreSQL 11.15

Wed Mar 30 08:10:06 UTC 2022  -  PostgreSQL 11.15

Wed Mar 30 08:10:07 UTC 2022  -  PostgreSQL 11.15

Wed Mar 30 08:10:08 UTC 2022  -  PostgreSQL 11.15

Wed Mar 30 08:10:09 UTC 2022  -  PostgreSQL 11.15

Wed Mar 30 08:10:10 UTC 2022  -  PostgreSQL 11.15

Wed Mar 30 08:10:11 UTC 2022  -  PostgreSQL 11.15

Wed Mar 30 08:10:12 UTC 2022  -  PostgreSQL 11.15

Wed Mar 30 08:10:13 UTC 2022  -  PostgreSQL 11.15

Wed Mar 30 08:10:14 UTC 2022  -  PostgreSQL 11.15

Wed Mar 30 08:10:15 UTC 2022  -  PostgreSQL 11.15

Wed Mar 30 08:10:16 UTC 2022  -  PostgreSQL 11.15

Wed Mar 30 08:10:17 UTC 2022  -  PostgreSQL 11.15

Wed Mar 30 08:10:18 UTC 2022  -  PostgreSQL 11.15

Wed Mar 30 08:10:19 UTC 2022  -  PostgreSQL 11.15

Wed Mar 30 08:10:20 UTC 2022  -  PostgreSQL 11.15

Wed Mar 30 08:10:21 UTC 2022  -  PostgreSQL 11.15

Wed Mar 30 08:10:22 UTC 2022  -  PostgreSQL 11.15

Wed Mar 30 08:10:23 UTC 2022  -  PostgreSQL 11.15

Wed Mar 30 08:10:24 UTC 2022  -  PostgreSQL 11.15

Wed Mar 30 08:10:25 UTC 2022  -  PostgreSQL 11.15

Wed Mar 30 08:10:26 UTC 2022  -  PostgreSQL 11.15

Wed Mar 30 08:10:27 UTC 2022  -  PostgreSQL 11.15

Wed Mar 30 08:10:28 UTC 2022  -  PostgreSQL 11.15

Wed Mar 30 08:10:29 UTC 2022  -  PostgreSQL 11.15

Wed Mar 30 08:10:30 UTC 2022  -  PostgreSQL 11.15

Wed Mar 30 08:10:31 UTC 2022  -  PostgreSQL 11.15

Wed Mar 30 08:10:32 UTC 2022  -  PostgreSQL 11.15

Wed Mar 30 08:10:33 UTC 2022  -  PostgreSQL 11.15

Wed Mar 30 08:10:34 UTC 2022  -  PostgreSQL 11.15

Wed Mar 30 08:10:35 UTC 2022  -  PostgreSQL 11.15

Wed Mar 30 08:10:36 UTC 2022  -  PostgreSQL 11.15

Wed Mar 30 08:10:37 UTC 2022  -  PostgreSQL 11.15

Wed Mar 30 08:10:38 UTC 2022  -  PostgreSQL 11.15

Wed Mar 30 08:10:39 UTC 2022  -  PostgreSQL 11.15

Wed Mar 30 08:10:40 UTC 2022  -  PostgreSQL 11.15

Wed Mar 30 08:10:41 UTC 2022  -  PostgreSQL 11.15

Wed Mar 30 08:10:42 UTC 2022  -  PostgreSQL 11.15

Wed Mar 30 08:10:43 UTC 2022  -  PostgreSQL 11.15

Wed Mar 30 08:10:44 UTC 2022  -  PostgreSQL 11.15

Wed Mar 30 08:10:45 UTC 2022  -  PostgreSQL 11.15

Wed Mar 30 08:10:46 UTC 2022  -  PostgreSQL 11.15

Wed Mar 30 08:10:47 UTC 2022  -  PostgreSQL 11.15

Wed Mar 30 08:10:48 UTC 2022  -  PostgreSQL 11.15

Wed Mar 30 08:10:49 UTC 2022  -  PostgreSQL 11.15

Wed Mar 30 08:10:50 UTC 2022  -  PostgreSQL 11.15

Wed Mar 30 08:10:51 UTC 2022  -  PostgreSQL 11.15

Wed Mar 30 08:10:52 UTC 2022  -  PostgreSQL 11.15

Wed Mar 30 08:10:54 UTC 2022  -  PostgreSQL 11.15

Wed Mar 30 08:10:55 UTC 2022  -  PostgreSQL 11.15

Wed Mar 30 08:10:56 UTC 2022  -  PostgreSQL 11.15

Wed Mar 30 08:10:57 UTC 2022  -  PostgreSQL 11.15

Wed Mar 30 08:10:58 UTC 2022  -  PostgreSQL 11.15

Wed Mar 30 08:10:59 UTC 2022  -  PostgreSQL 11.15

Wed Mar 30 08:11:00 UTC 2022  -  PostgreSQL 11.15

Wed Mar 30 08:11:01 UTC 2022  -  PostgreSQL 11.15

Wed Mar 30 08:11:02 UTC 2022  -  PostgreSQL 11.15

Wed Mar 30 08:11:03 UTC 2022  -  PostgreSQL 11.15

Wed Mar 30 08:11:04 UTC 2022  -  PostgreSQL 11.15

Wed Mar 30 08:11:05 UTC 2022  -  PostgreSQL 11.15

Wed Mar 30 08:11:06 UTC 2022  -  PostgreSQL 11.15

Wed Mar 30 08:11:07 UTC 2022  -  PostgreSQL 11.15

Wed Mar 30 08:11:08 UTC 2022  -  PostgreSQL 11.15

Wed Mar 30 08:11:09 UTC 2022  -  PostgreSQL 11.15

Wed Mar 30 08:11:10 UTC 2022  -  PostgreSQL 11.15

Wed Mar 30 08:11:11 UTC 2022  -  PostgreSQL 11.15

Wed Mar 30 08:11:12 UTC 2022  -  PostgreSQL 11.15

Wed Mar 30 08:11:13 UTC 2022  -  PostgreSQL 11.15

Wed Mar 30 08:11:14 UTC 2022  -  PostgreSQL 11.15

Wed Mar 30 08:11:15 UTC 2022  -  PostgreSQL 11.15

Wed Mar 30 08:11:16 UTC 2022  -  PostgreSQL 11.15

Wed Mar 30 08:11:17 UTC 2022  -  PostgreSQL 11.15

Wed Mar 30 08:11:18 UTC 2022  -  PostgreSQL 11.15

Wed Mar 30 08:11:19 UTC 2022  -  PostgreSQL 11.15

Wed Mar 30 08:11:20 UTC 2022  -  PostgreSQL 11.15

Wed Mar 30 08:11:21 UTC 2022  -  PostgreSQL 11.15

Wed Mar 30 08:11:22 UTC 2022  -  PostgreSQL 11.15

Wed Mar 30 08:11:23 UTC 2022  -  PostgreSQL 11.15

Wed Mar 30 08:11:24 UTC 2022  -  PostgreSQL 11.15

Wed Mar 30 08:11:25 UTC 2022  -  PostgreSQL 11.15

Wed Mar 30 08:11:26 UTC 2022  -  PostgreSQL 11.15

Wed Mar 30 08:11:27 UTC 2022  -  PostgreSQL 11.15

Wed Mar 30 08:11:28 UTC 2022  -  PostgreSQL 11.15

Wed Mar 30 08:11:29 UTC 2022  -  PostgreSQL 11.15

Wed Mar 30 08:11:30 UTC 2022  -  PostgreSQL 11.15

Wed Mar 30 08:11:31 UTC 2022  -  PostgreSQL 11.15

Wed Mar 30 08:11:32 UTC 2022  -  PostgreSQL 11.15

Wed Mar 30 08:11:33 UTC 2022  -  PostgreSQL 11.15

Wed Mar 30 08:11:34 UTC 2022  -  PostgreSQL 11.15

Wed Mar 30 08:11:35 UTC 2022  -  PostgreSQL 11.15

Wed Mar 30 08:11:36 UTC 2022  -  PostgreSQL 11.15

Wed Mar 30 08:11:37 UTC 2022  -  PostgreSQL 11.15

Wed Mar 30 08:11:38 UTC 2022  -  PostgreSQL 11.15

Wed Mar 30 08:11:39 UTC 2022  -  PostgreSQL 11.15

Wed Mar 30 08:11:40 UTC 2022  -  PostgreSQL 11.15

Wed Mar 30 08:11:41 UTC 2022  -  PostgreSQL 11.15

Wed Mar 30 08:11:42 UTC 2022  -  PostgreSQL 11.15

Wed Mar 30 08:11:43 UTC 2022  -  PostgreSQL 11.15

Wed Mar 30 08:11:44 UTC 2022  -  PostgreSQL 11.15

Wed Mar 30 08:11:45 UTC 2022  -  PostgreSQL 11.15

Wed Mar 30 08:11:46 UTC 2022  -  PostgreSQL 11.15

Wed Mar 30 08:11:47 UTC 2022  -  PostgreSQL 11.15

Wed Mar 30 08:11:48 UTC 2022  -  PostgreSQL 11.15

Wed Mar 30 08:11:49 UTC 2022  -  PostgreSQL 11.15

Wed Mar 30 08:11:50 UTC 2022  -  PostgreSQL 11.15

Wed Mar 30 08:11:51 UTC 2022  -  PostgreSQL 11.15

Wed Mar 30 08:11:52 UTC 2022  -  PostgreSQL 11.15

Wed Mar 30 08:11:53 UTC 2022  -  PostgreSQL 11.15

Wed Mar 30 08:11:54 UTC 2022  -  PostgreSQL 11.15

Wed Mar 30 08:11:55 UTC 2022  -  PostgreSQL 11.15

Wed Mar 30 08:11:56 UTC 2022  -  PostgreSQL 11.15

Wed Mar 30 08:11:58 UTC 2022  -  PostgreSQL 11.15

Wed Mar 30 08:11:59 UTC 2022  -  PostgreSQL 11.15

Wed Mar 30 08:12:00 UTC 2022  -  PostgreSQL 11.15

Wed Mar 30 08:12:01 UTC 2022  -  PostgreSQL 11.15

Wed Mar 30 08:12:02 UTC 2022  -  PostgreSQL 11.15

Wed Mar 30 08:12:03 UTC 2022  -  PostgreSQL 11.15

Wed Mar 30 08:12:04 UTC 2022  -  PostgreSQL 11.15

Wed Mar 30 08:12:05 UTC 2022  -  PostgreSQL 11.15

Wed Mar 30 08:12:06 UTC 2022  -  PostgreSQL 11.15

Wed Mar 30 08:12:07 UTC 2022  -  PostgreSQL 11.15

Wed Mar 30 08:12:08 UTC 2022  -  PostgreSQL 11.15

Wed Mar 30 08:12:09 UTC 2022  -  PostgreSQL 11.15

Wed Mar 30 08:12:10 UTC 2022  -  PostgreSQL 11.15

Wed Mar 30 08:12:11 UTC 2022  -  PostgreSQL 11.15

Wed Mar 30 08:12:12 UTC 2022  -  PostgreSQL 11.15

Wed Mar 30 08:12:13 UTC 2022  -  PostgreSQL 11.15

Wed Mar 30 08:12:14 UTC 2022  -  PostgreSQL 11.15

Wed Mar 30 08:12:15 UTC 2022  -  PostgreSQL 11.15

Wed Mar 30 08:12:16 UTC 2022  -  PostgreSQL 11.15

Wed Mar 30 08:12:17 UTC 2022  -  PostgreSQL 11.15

Wed Mar 30 08:12:18 UTC 2022  -  PostgreSQL 11.15

Wed Mar 30 08:12:19 UTC 2022  -  PostgreSQL 11.15

Wed Mar 30 08:12:20 UTC 2022  -  PostgreSQL 11.15

Wed Mar 30 08:12:21 UTC 2022  -  PostgreSQL 11.15

Wed Mar 30 08:12:22 UTC 2022  -  PostgreSQL 11.15

Wed Mar 30 08:12:23 UTC 2022  -  PostgreSQL 11.15

Wed Mar 30 08:12:24 UTC 2022  -  PostgreSQL 11.15

Wed Mar 30 08:12:25 UTC 2022  -  PostgreSQL 11.15

Wed Mar 30 08:12:26 UTC 2022  -  PostgreSQL 11.15

Wed Mar 30 08:12:27 UTC 2022  -  PostgreSQL 11.15

Wed Mar 30 08:12:28 UTC 2022  -  PostgreSQL 11.15

Wed Mar 30 08:12:29 UTC 2022  -  PostgreSQL 11.15

Wed Mar 30 08:12:30 UTC 2022  -  PostgreSQL 11.15

Wed Mar 30 08:12:31 UTC 2022  -  PostgreSQL 11.15

Wed Mar 30 08:12:32 UTC 2022  -  PostgreSQL 11.15

Wed Mar 30 08:12:33 UTC 2022  -  PostgreSQL 11.15

Wed Mar 30 08:12:34 UTC 2022  -  PostgreSQL 11.15

Wed Mar 30 08:12:35 UTC 2022  -  PostgreSQL 11.15

Wed Mar 30 08:12:36 UTC 2022  -  PostgreSQL 11.15

Wed Mar 30 08:12:37 UTC 2022  -  PostgreSQL 11.15

Wed Mar 30 08:12:38 UTC 2022  -  PostgreSQL 11.15

Wed Mar 30 08:12:39 UTC 2022  -  PostgreSQL 11.15

Wed Mar 30 08:12:40 UTC 2022  -  PostgreSQL 11.15

Wed Mar 30 08:12:41 UTC 2022  -  PostgreSQL 11.15

Wed Mar 30 08:12:42 UTC 2022  -  PostgreSQL 11.15

Wed Mar 30 08:12:43 UTC 2022  -  PostgreSQL 11.15

Wed Mar 30 08:12:44 UTC 2022  -  PostgreSQL 11.15

Wed Mar 30 08:12:45 UTC 2022  -  PostgreSQL 11.15

Wed Mar 30 08:12:46 UTC 2022  -  PostgreSQL 11.15

Wed Mar 30 08:12:47 UTC 2022  -  PostgreSQL 11.15

Wed Mar 30 08:12:48 UTC 2022  -  PostgreSQL 11.15

Wed Mar 30 08:12:49 UTC 2022  -  PostgreSQL 11.15

Wed Mar 30 08:12:50 UTC 2022  -  PostgreSQL 11.15

Wed Mar 30 08:12:51 UTC 2022  -  PostgreSQL 11.15

Wed Mar 30 08:12:52 UTC 2022  -  PostgreSQL 11.15

Wed Mar 30 08:12:53 UTC 2022  -  PostgreSQL 11.15

Wed Mar 30 08:12:54 UTC 2022  -  PostgreSQL 11.15

Wed Mar 30 08:12:55 UTC 2022  -  PostgreSQL 11.15

Wed Mar 30 08:12:56 UTC 2022  -  PostgreSQL 11.15

Wed Mar 30 08:12:57 UTC 2022  -  PostgreSQL 11.15

Wed Mar 30 08:12:58 UTC 2022  -  PostgreSQL 11.15

Wed Mar 30 08:12:59 UTC 2022  -  PostgreSQL 11.15

Wed Mar 30 08:13:00 UTC 2022  -  PostgreSQL 11.15

Wed Mar 30 08:13:01 UTC 2022  -  PostgreSQL 11.15

Wed Mar 30 08:13:03 UTC 2022  -  PostgreSQL 11.15

Wed Mar 30 08:13:04 UTC 2022  -  PostgreSQL 11.15

Wed Mar 30 08:13:05 UTC 2022  -  PostgreSQL 11.15

Wed Mar 30 08:13:06 UTC 2022  -  PostgreSQL 11.15

Wed Mar 30 08:13:07 UTC 2022  -  PostgreSQL 11.15

Wed Mar 30 08:13:08 UTC 2022  -  PostgreSQL 11.15

Wed Mar 30 08:13:09 UTC 2022  -  PostgreSQL 11.15

Wed Mar 30 08:13:10 UTC 2022  -  PostgreSQL 11.15

Wed Mar 30 08:13:11 UTC 2022  -  PostgreSQL 11.15

Wed Mar 30 08:13:12 UTC 2022  -  PostgreSQL 11.15

Wed Mar 30 08:13:13 UTC 2022  -  PostgreSQL 11.15

Wed Mar 30 08:13:14 UTC 2022  -  PostgreSQL 11.15

Wed Mar 30 08:13:15 UTC 2022  -  PostgreSQL 11.15

Wed Mar 30 08:13:16 UTC 2022  -  PostgreSQL 11.15

Wed Mar 30 08:13:17 UTC 2022  -  PostgreSQL 11.15

Wed Mar 30 08:13:18 UTC 2022  -  PostgreSQL 11.15

Wed Mar 30 08:13:19 UTC 2022  -  PostgreSQL 11.15

Wed Mar 30 08:13:20 UTC 2022  -  PostgreSQL 11.15

Wed Mar 30 08:13:21 UTC 2022  -  PostgreSQL 11.15

Wed Mar 30 08:13:22 UTC 2022  -  PostgreSQL 11.15

Wed Mar 30 08:13:23 UTC 2022  -  PostgreSQL 11.15

Wed Mar 30 08:13:24 UTC 2022  -  PostgreSQL 11.15

Wed Mar 30 08:13:25 UTC 2022  -  PostgreSQL 11.15

Wed Mar 30 08:13:26 UTC 2022  -  PostgreSQL 11.15

Wed Mar 30 08:13:27 UTC 2022  -  PostgreSQL 11.15

Wed Mar 30 08:13:28 UTC 2022  -  PostgreSQL 11.15

Wed Mar 30 08:13:29 UTC 2022  -  PostgreSQL 11.15

Wed Mar 30 08:13:30 UTC 2022  -  PostgreSQL 11.15

Wed Mar 30 08:13:31 UTC 2022  -  PostgreSQL 11.15

Wed Mar 30 08:13:32 UTC 2022  -  PostgreSQL 11.15

Wed Mar 30 08:13:33 UTC 2022  -  PostgreSQL 11.15

Wed Mar 30 08:13:34 UTC 2022  -  PostgreSQL 11.15

Wed Mar 30 08:13:35 UTC 2022  -  PostgreSQL 11.15

Wed Mar 30 08:13:36 UTC 2022  -  PostgreSQL 11.15

Wed Mar 30 08:13:37 UTC 2022  -  PostgreSQL 11.15

Wed Mar 30 08:13:38 UTC 2022  -  PostgreSQL 11.15

Wed Mar 30 08:13:39 UTC 2022  -  PostgreSQL 11.15

Wed Mar 30 08:13:40 UTC 2022  -  PostgreSQL 11.15

Wed Mar 30 08:13:41 UTC 2022  -  PostgreSQL 11.15

Wed Mar 30 08:13:42 UTC 2022  -  PostgreSQL 11.15

Wed Mar 30 08:13:43 UTC 2022  -  PostgreSQL 11.15

Wed Mar 30 08:13:44 UTC 2022  -  PostgreSQL 11.15

Wed Mar 30 08:13:45 UTC 2022  -  PostgreSQL 11.15

Wed Mar 30 08:13:46 UTC 2022  -  PostgreSQL 11.15

Wed Mar 30 08:13:47 UTC 2022  -  PostgreSQL 11.15

Wed Mar 30 08:13:48 UTC 2022  -  PostgreSQL 11.15

Wed Mar 30 08:13:49 UTC 2022  -  PostgreSQL 11.15

Wed Mar 30 08:13:50 UTC 2022  -  PostgreSQL 11.15

Wed Mar 30 08:13:51 UTC 2022  -  PostgreSQL 11.15

Wed Mar 30 08:13:52 UTC 2022  -  PostgreSQL 11.15

Wed Mar 30 08:13:53 UTC 2022  -  PostgreSQL 11.15

Wed Mar 30 08:13:54 UTC 2022  -  PostgreSQL 11.15

Wed Mar 30 08:13:55 UTC 2022  -  PostgreSQL 11.15

Wed Mar 30 08:13:56 UTC 2022  -  PostgreSQL 11.15

Wed Mar 30 08:13:57 UTC 2022  -  PostgreSQL 11.15

Wed Mar 30 08:13:58 UTC 2022  -  PostgreSQL 11.15

Wed Mar 30 08:13:59 UTC 2022  -  PostgreSQL 11.15

Wed Mar 30 08:14:00 UTC 2022  -  PostgreSQL 11.15

Wed Mar 30 08:14:01 UTC 2022  -  PostgreSQL 11.15

Wed Mar 30 08:14:02 UTC 2022  -  PostgreSQL 11.15

Wed Mar 30 08:14:03 UTC 2022  -  PostgreSQL 11.15

Wed Mar 30 08:14:04 UTC 2022  -  PostgreSQL 11.15

Wed Mar 30 08:14:05 UTC 2022  -  PostgreSQL 11.15

Wed Mar 30 08:14:07 UTC 2022  -  PostgreSQL 11.15

Wed Mar 30 08:14:08 UTC 2022  -  PostgreSQL 11.15

Wed Mar 30 08:14:09 UTC 2022  -  PostgreSQL 11.15

Wed Mar 30 08:14:10 UTC 2022  -  PostgreSQL 11.15

Wed Mar 30 08:14:11 UTC 2022  -  PostgreSQL 11.15

Wed Mar 30 08:14:12 UTC 2022  -  PostgreSQL 11.15

Wed Mar 30 08:14:13 UTC 2022  -  PostgreSQL 11.15

Wed Mar 30 08:14:14 UTC 2022  -  PostgreSQL 11.15

Wed Mar 30 08:14:15 UTC 2022  -  PostgreSQL 11.15

Wed Mar 30 08:14:16 UTC 2022  -  PostgreSQL 11.15

Wed Mar 30 08:14:17 UTC 2022  -  PostgreSQL 11.15

Wed Mar 30 08:14:18 UTC 2022  -  PostgreSQL 11.15

Wed Mar 30 08:14:19 UTC 2022  -  PostgreSQL 11.15

Wed Mar 30 08:14:20 UTC 2022  -  PostgreSQL 11.15

Wed Mar 30 08:14:21 UTC 2022  -  PostgreSQL 11.15

Wed Mar 30 08:14:22 UTC 2022  -  PostgreSQL 11.15

Wed Mar 30 08:14:23 UTC 2022  -  PostgreSQL 11.15

Wed Mar 30 08:14:24 UTC 2022  -  PostgreSQL 11.15

Wed Mar 30 08:14:25 UTC 2022  -  PostgreSQL 11.15

Wed Mar 30 08:14:26 UTC 2022  -  PostgreSQL 11.15

Wed Mar 30 08:14:27 UTC 2022  -  PostgreSQL 11.15

Wed Mar 30 08:14:28 UTC 2022  -  PostgreSQL 11.15

Wed Mar 30 08:14:29 UTC 2022  -  PostgreSQL 11.15

Wed Mar 30 08:14:30 UTC 2022  -  PostgreSQL 11.15

Wed Mar 30 08:14:31 UTC 2022  -  PostgreSQL 11.15

Wed Mar 30 08:14:32 UTC 2022  -  PostgreSQL 11.15

Wed Mar 30 08:14:33 UTC 2022  -  PostgreSQL 11.15

Wed Mar 30 08:14:34 UTC 2022  -  PostgreSQL 11.15

Wed Mar 30 08:14:35 UTC 2022  -  PostgreSQL 11.15

Wed Mar 30 08:14:36 UTC 2022  -  PostgreSQL 11.15

Wed Mar 30 08:14:37 UTC 2022  -  PostgreSQL 11.15

Wed Mar 30 08:14:38 UTC 2022  -  PostgreSQL 11.15

Wed Mar 30 08:14:39 UTC 2022  -  PostgreSQL 11.15

Wed Mar 30 08:14:40 UTC 2022  -  PostgreSQL 11.15

Wed Mar 30 08:14:41 UTC 2022  -  PostgreSQL 11.15

Wed Mar 30 08:14:42 UTC 2022  -  PostgreSQL 11.15

Wed Mar 30 08:14:43 UTC 2022  -  PostgreSQL 11.15

Wed Mar 30 08:14:44 UTC 2022  -  PostgreSQL 11.15

Wed Mar 30 08:14:45 UTC 2022  -  PostgreSQL 11.15

Wed Mar 30 08:14:46 UTC 2022  -  PostgreSQL 11.15

Wed Mar 30 08:14:47 UTC 2022  -  PostgreSQL 11.15

Wed Mar 30 08:14:48 UTC 2022  -  PostgreSQL 11.15

Wed Mar 30 08:14:49 UTC 2022  -  PostgreSQL 11.15

Wed Mar 30 08:14:50 UTC 2022  -  PostgreSQL 11.15

Wed Mar 30 08:14:51 UTC 2022  -  PostgreSQL 11.15

Wed Mar 30 08:14:52 UTC 2022  -  PostgreSQL 11.15

Wed Mar 30 08:14:53 UTC 2022  -  PostgreSQL 11.15

Wed Mar 30 08:14:54 UTC 2022  -  PostgreSQL 11.15

Wed Mar 30 08:14:55 UTC 2022  -  PostgreSQL 11.15

Wed Mar 30 08:14:56 UTC 2022  -  PostgreSQL 11.15

Wed Mar 30 08:14:57 UTC 2022  -  PostgreSQL 11.15

Wed Mar 30 08:14:58 UTC 2022  -  PostgreSQL 11.15

Wed Mar 30 08:14:59 UTC 2022  -  PostgreSQL 11.15

Wed Mar 30 08:15:00 UTC 2022  -  PostgreSQL 11.15

Wed Mar 30 08:15:01 UTC 2022  -  PostgreSQL 11.15

Wed Mar 30 08:15:02 UTC 2022  -  PostgreSQL 11.15

Wed Mar 30 08:15:03 UTC 2022  -  PostgreSQL 11.15

Wed Mar 30 08:15:04 UTC 2022  -  PostgreSQL 11.15

Wed Mar 30 08:15:05 UTC 2022  -  PostgreSQL 11.15

Wed Mar 30 08:15:06 UTC 2022  -  PostgreSQL 11.15

Wed Mar 30 08:15:07 UTC 2022  -  PostgreSQL 11.15

Wed Mar 30 08:15:09 UTC 2022  -  PostgreSQL 11.15

Wed Mar 30 08:15:10 UTC 2022  -  PostgreSQL 11.15

Wed Mar 30 08:15:11 UTC 2022  -  PostgreSQL 11.15

Wed Mar 30 08:15:12 UTC 2022  -  PostgreSQL 11.15

Wed Mar 30 08:15:13 UTC 2022  -  PostgreSQL 11.15

Wed Mar 30 08:15:14 UTC 2022  -  PostgreSQL 11.15

Wed Mar 30 08:15:15 UTC 2022  -  PostgreSQL 11.15

Wed Mar 30 08:15:16 UTC 2022  -  PostgreSQL 11.15

Wed Mar 30 08:15:17 UTC 2022  -  PostgreSQL 11.15

Wed Mar 30 08:15:18 UTC 2022  -  PostgreSQL 11.15

Wed Mar 30 08:15:19 UTC 2022  -  PostgreSQL 11.15

Wed Mar 30 08:15:20 UTC 2022  -  PostgreSQL 11.15

Wed Mar 30 08:15:21 UTC 2022  -  PostgreSQL 11.15

Wed Mar 30 08:15:22 UTC 2022  -  PostgreSQL 11.15

Wed Mar 30 08:15:23 UTC 2022  -  PostgreSQL 11.15

Wed Mar 30 08:15:24 UTC 2022  -  PostgreSQL 11.15

Wed Mar 30 08:15:25 UTC 2022  -  PostgreSQL 11.15

Wed Mar 30 08:15:26 UTC 2022  -  PostgreSQL 11.15

Wed Mar 30 08:15:27 UTC 2022  -  PostgreSQL 11.15

Wed Mar 30 08:15:28 UTC 2022  -  PostgreSQL 11.15

Wed Mar 30 08:15:29 UTC 2022  -  PostgreSQL 11.15

Wed Mar 30 08:15:30 UTC 2022  -  PostgreSQL 11.15

Wed Mar 30 08:15:31 UTC 2022  -  PostgreSQL 11.15

Wed Mar 30 08:15:32 UTC 2022  -  PostgreSQL 11.15

Wed Mar 30 08:15:33 UTC 2022  -  PostgreSQL 11.15

Wed Mar 30 08:15:34 UTC 2022  -  PostgreSQL 11.15

Wed Mar 30 08:15:35 UTC 2022  -  PostgreSQL 11.15

Wed Mar 30 08:15:36 UTC 2022  -  PostgreSQL 11.15

Wed Mar 30 08:15:37 UTC 2022  -  PostgreSQL 11.15

Wed Mar 30 08:15:38 UTC 2022  -  PostgreSQL 11.15

Wed Mar 30 08:15:39 UTC 2022  -  PostgreSQL 11.15

Wed Mar 30 08:15:40 UTC 2022  -  PostgreSQL 11.15

Wed Mar 30 08:15:41 UTC 2022  -  PostgreSQL 11.15

Wed Mar 30 08:15:42 UTC 2022  -  PostgreSQL 11.15

Wed Mar 30 08:15:43 UTC 2022  -  PostgreSQL 11.15

Wed Mar 30 08:15:44 UTC 2022  -  PostgreSQL 11.15

Wed Mar 30 08:15:45 UTC 2022  -  PostgreSQL 11.15

Wed Mar 30 08:15:46 UTC 2022  -  PostgreSQL 11.15

Wed Mar 30 08:15:47 UTC 2022  -  PostgreSQL 11.15

Wed Mar 30 08:15:48 UTC 2022  -  PostgreSQL 11.15

Wed Mar 30 08:15:49 UTC 2022  -  PostgreSQL 11.15

Wed Mar 30 08:15:50 UTC 2022  -  PostgreSQL 11.15

Wed Mar 30 08:15:51 UTC 2022  -  PostgreSQL 11.15

Wed Mar 30 08:15:52 UTC 2022  -  PostgreSQL 11.15

Wed Mar 30 08:15:53 UTC 2022  -  PostgreSQL 11.15

Wed Mar 30 08:15:54 UTC 2022  -  PostgreSQL 11.15

Wed Mar 30 08:15:55 UTC 2022  -  PostgreSQL 11.15

Wed Mar 30 08:15:56 UTC 2022  -  PostgreSQL 11.15

Wed Mar 30 08:15:57 UTC 2022  -  PostgreSQL 11.15

Wed Mar 30 08:15:58 UTC 2022  -  PostgreSQL 11.15

Wed Mar 30 08:15:59 UTC 2022  -  PostgreSQL 11.15

Wed Mar 30 08:16:00 UTC 2022  -  PostgreSQL 11.15

Wed Mar 30 08:16:01 UTC 2022  -  PostgreSQL 11.15

Wed Mar 30 08:16:02 UTC 2022  -  PostgreSQL 11.15

Wed Mar 30 08:16:03 UTC 2022  -  PostgreSQL 11.15

Wed Mar 30 08:16:04 UTC 2022  -  PostgreSQL 11.15

Wed Mar 30 08:16:05 UTC 2022  -  PostgreSQL 11.15

Wed Mar 30 08:16:06 UTC 2022  -  PostgreSQL 11.15

Wed Mar 30 08:16:07 UTC 2022  -  PostgreSQL 11.15

Wed Mar 30 08:16:08 UTC 2022  -  PostgreSQL 11.15

Wed Mar 30 08:16:09 UTC 2022  -  PostgreSQL 11.15

Wed Mar 30 08:16:10 UTC 2022  -  PostgreSQL 11.15

Wed Mar 30 08:16:11 UTC 2022  -  PostgreSQL 11.15

Wed Mar 30 08:16:12 UTC 2022  -  PostgreSQL 11.15

Wed Mar 30 08:16:14 UTC 2022  -  PostgreSQL 11.15

Wed Mar 30 08:16:15 UTC 2022  -  PostgreSQL 11.15

Wed Mar 30 08:16:16 UTC 2022  -  PostgreSQL 11.15

Wed Mar 30 08:16:17 UTC 2022  -  PostgreSQL 11.15

Wed Mar 30 08:16:18 UTC 2022  -  PostgreSQL 11.15

Wed Mar 30 08:16:19 UTC 2022  -  PostgreSQL 11.15

Wed Mar 30 08:16:20 UTC 2022  -  PostgreSQL 11.15

Wed Mar 30 08:16:21 UTC 2022  -  PostgreSQL 11.15

Wed Mar 30 08:16:22 UTC 2022  -  PostgreSQL 11.15

Wed Mar 30 08:16:23 UTC 2022  -  PostgreSQL 11.15

Wed Mar 30 08:16:24 UTC 2022  -  PostgreSQL 11.15

Wed Mar 30 08:16:25 UTC 2022  -  PostgreSQL 11.15

Wed Mar 30 08:16:26 UTC 2022  -  PostgreSQL 11.15

Wed Mar 30 08:16:27 UTC 2022  -  PostgreSQL 11.15

Wed Mar 30 08:16:28 UTC 2022  -  PostgreSQL 11.15

Wed Mar 30 08:16:29 UTC 2022  -  PostgreSQL 11.15

Wed Mar 30 08:16:30 UTC 2022  -  PostgreSQL 11.15

Wed Mar 30 08:16:31 UTC 2022  -  PostgreSQL 11.15

Wed Mar 30 08:16:32 UTC 2022  -  PostgreSQL 11.15

Wed Mar 30 08:16:33 UTC 2022  -  PostgreSQL 11.15

Wed Mar 30 08:16:34 UTC 2022  -  PostgreSQL 11.15

Wed Mar 30 08:16:35 UTC 2022  -  PostgreSQL 11.15

Wed Mar 30 08:16:36 UTC 2022  -  PostgreSQL 11.15

Wed Mar 30 08:16:37 UTC 2022  -  PostgreSQL 11.15

Wed Mar 30 08:16:38 UTC 2022  -  PostgreSQL 11.15

Wed Mar 30 08:16:39 UTC 2022  -  PostgreSQL 11.15

Wed Mar 30 08:16:40 UTC 2022  -  PostgreSQL 11.15

Wed Mar 30 08:16:41 UTC 2022  -  PostgreSQL 11.15

Wed Mar 30 08:16:42 UTC 2022  -  PostgreSQL 11.15

Wed Mar 30 08:16:43 UTC 2022  -  PostgreSQL 11.15

Wed Mar 30 08:16:44 UTC 2022  -  PostgreSQL 11.15

Wed Mar 30 08:16:45 UTC 2022  -  PostgreSQL 11.15

Wed Mar 30 08:16:46 UTC 2022  -  PostgreSQL 11.15

Wed Mar 30 08:16:47 UTC 2022  -  PostgreSQL 11.15

Wed Mar 30 08:16:48 UTC 2022  -  PostgreSQL 11.15

Wed Mar 30 08:16:49 UTC 2022  -  PostgreSQL 11.15

Wed Mar 30 08:16:50 UTC 2022  -  PostgreSQL 11.15

Wed Mar 30 08:16:51 UTC 2022  -  PostgreSQL 11.15

Wed Mar 30 08:16:52 UTC 2022  -  PostgreSQL 11.15

Wed Mar 30 08:16:53 UTC 2022  -  PostgreSQL 11.15

Wed Mar 30 08:16:54 UTC 2022  -  PostgreSQL 11.15

Wed Mar 30 08:16:55 UTC 2022  -  PostgreSQL 11.15

Wed Mar 30 08:16:56 UTC 2022  -  PostgreSQL 11.15

Wed Mar 30 08:16:57 UTC 2022  -  PostgreSQL 11.15

Wed Mar 30 08:16:58 UTC 2022  -  PostgreSQL 11.15

Wed Mar 30 08:16:59 UTC 2022  -  PostgreSQL 11.15

Wed Mar 30 08:17:00 UTC 2022  -  PostgreSQL 11.15

Wed Mar 30 08:17:01 UTC 2022  -  PostgreSQL 11.15

Wed Mar 30 08:17:02 UTC 2022  -  PostgreSQL 11.15

Wed Mar 30 08:17:03 UTC 2022  -  PostgreSQL 11.15

Wed Mar 30 08:17:04 UTC 2022  -  PostgreSQL 11.15

Wed Mar 30 08:17:05 UTC 2022  -  PostgreSQL 11.15

Wed Mar 30 08:17:06 UTC 2022  -  PostgreSQL 11.15

Wed Mar 30 08:17:07 UTC 2022  -  PostgreSQL 11.15

Wed Mar 30 08:17:08 UTC 2022  -  PostgreSQL 11.15

Wed Mar 30 08:17:09 UTC 2022  -  PostgreSQL 11.15

Wed Mar 30 08:17:10 UTC 2022  -  PostgreSQL 11.15

Wed Mar 30 08:17:11 UTC 2022  -  PostgreSQL 11.15

